#
# There is insufficient memory for the Java Runtime Environment to continue.
# Native memory allocation (malloc) failed to allocate 2111696 bytes for Chunk::new
# Possible reasons:
#   The system is out of physical RAM or swap space
#   The process is running with CompressedOops enabled, and the Java Heap may be blocking the growth of the native heap
# Possible solutions:
#   Reduce memory load on the system
#   Increase physical memory or swap space
#   Check if swap backing store is full
#   Decrease Java heap size (-Xmx/-Xms)
#   Decrease number of Java threads
#   Decrease Java thread stack sizes (-Xss)
#   Set larger code cache with -XX:ReservedCodeCacheSize=
#   JVM is running with Zero Based Compressed Oops mode in which the Java heap is
#     placed in the first 32GB address space. The Java Heap base address is the
#     maximum limit for the native heap growth. Please use -XX:HeapBaseMinAddress
#     to set the Java Heap base and to place the Java Heap above 32GB virtual address.
# This output file may be truncated or incomplete.
#
#  Out of Memory Error (t:/workspace/open/src/hotspot/share/memory/arena.cpp:196), pid=13932, tid=14768
#
# JRE version: Java(TM) SE Runtime Environment (13.0.2+8) (build 13.0.2+8)
# Java VM: Java HotSpot(TM) 64-Bit Server VM (13.0.2+8, mixed mode, sharing, tiered, compressed oops, g1 gc, windows-amd64)
# No core dump will be written. Minidumps are not enabled by default on client versions of Windows
#

---------------  S U M M A R Y ------------

Command Line: -javaagent:C:\Program Files\JetBrains\IntelliJ IDEA Community Edition 2020.1.2\lib\idea_rt.jar=54798:C:\Program Files\JetBrains\IntelliJ IDEA Community Edition 2020.1.2\bin -Dfile.encoding=UTF-8 ires.baylor.edu.logerrors.LogErrorsApplication

Host: Intel(R) Core(TM) i7-4710HQ CPU @ 2.50GHz, 8 cores, 11G,  Windows 10 , 64 bit Build 19041 (10.0.19041.292)
Time: Thu Jul  2 12:47:42 2020 Pacific Daylight Time elapsed time: 2 seconds (0d 0h 0m 2s)

---------------  T H R E A D  ---------------

Current thread (0x000001ebbc801000):  JavaThread "C2 CompilerThread1" daemon [_thread_in_native, id=14768, stack(0x000000ad35000000,0x000000ad35100000)]


Current CompileTask:
C2:   2403 2473   !   4       jdk.internal.loader.BuiltinClassLoader::loadClassOrNull (143 bytes)

Stack: [0x000000ad35000000,0x000000ad35100000]
Native frames: (J=compiled Java code, j=interpreted, Vv=VM code, C=native code)
V  [jvm.dll+0x624f9a]
V  [jvm.dll+0x770cfa]
V  [jvm.dll+0x7724af]
V  [jvm.dll+0x772ab3]
V  [jvm.dll+0x24bf08]
V  [jvm.dll+0xc1e47]
V  [jvm.dll+0xc23cc]
V  [jvm.dll+0x35c068]
V  [jvm.dll+0x327803]
V  [jvm.dll+0x326bda]
V  [jvm.dll+0x205c27]
V  [jvm.dll+0x204e3f]
V  [jvm.dll+0x189c2c]
V  [jvm.dll+0x213e6d]
V  [jvm.dll+0x2120bb]
V  [jvm.dll+0x736bb6]
V  [jvm.dll+0x72fcaa]
V  [jvm.dll+0x623ea6]
C  [ucrtbase.dll+0x21542]
C  [KERNEL32.DLL+0x16fd4]
C  [ntdll.dll+0x4cec1]


---------------  P R O C E S S  ---------------

Threads class SMR info:
_java_thread_list=0x000001ebbcf14690, length=13, elements={
0x000001eb981e4000, 0x000001ebbbf32800, 0x000001ebbbf33800, 0x000001ebbbf48800,
0x000001ebbbf4b000, 0x000001ebbbf4c000, 0x000001ebbbf57000, 0x000001ebbbf7b000,
0x000001ebbb712800, 0x000001ebbc322000, 0x000001ebbc324000, 0x000001ebbc801000,
0x000001ebbcd50800
}

Java Threads: ( => current thread )
  0x000001eb981e4000 JavaThread "main" [_thread_in_native, id=9272, stack(0x000000ad33e00000,0x000000ad33f00000)]
  0x000001ebbbf32800 JavaThread "Reference Handler" daemon [_thread_blocked, id=13248, stack(0x000000ad34500000,0x000000ad34600000)]
  0x000001ebbbf33800 JavaThread "Finalizer" daemon [_thread_blocked, id=9036, stack(0x000000ad34600000,0x000000ad34700000)]
  0x000001ebbbf48800 JavaThread "Signal Dispatcher" daemon [_thread_blocked, id=13988, stack(0x000000ad34700000,0x000000ad34800000)]
  0x000001ebbbf4b000 JavaThread "Attach Listener" daemon [_thread_blocked, id=10284, stack(0x000000ad34800000,0x000000ad34900000)]
  0x000001ebbbf4c000 JavaThread "C2 CompilerThread0" daemon [_thread_blocked, id=14244, stack(0x000000ad34900000,0x000000ad34a00000)]
  0x000001ebbbf57000 JavaThread "C1 CompilerThread0" daemon [_thread_blocked, id=13688, stack(0x000000ad34a00000,0x000000ad34b00000)]
  0x000001ebbbf7b000 JavaThread "Sweeper thread" daemon [_thread_blocked, id=13812, stack(0x000000ad34b00000,0x000000ad34c00000)]
  0x000001ebbb712800 JavaThread "Common-Cleaner" daemon [_thread_blocked, id=10636, stack(0x000000ad34c00000,0x000000ad34d00000)]
  0x000001ebbc322000 JavaThread "Monitor Ctrl-Break" daemon [_thread_in_native, id=5200, stack(0x000000ad34d00000,0x000000ad34e00000)]
  0x000001ebbc324000 JavaThread "Service Thread" daemon [_thread_blocked, id=13796, stack(0x000000ad34e00000,0x000000ad34f00000)]
=>0x000001ebbc801000 JavaThread "C2 CompilerThread1" daemon [_thread_in_native, id=14768, stack(0x000000ad35000000,0x000000ad35100000)]
  0x000001ebbcd50800 JavaThread "C2 CompilerThread2" daemon [_thread_in_native, id=13428, stack(0x000000ad35600000,0x000000ad35700000)]

Other Threads:
  0x000001ebbb72a000 VMThread "VM Thread" [stack: 0x000000ad34400000,0x000000ad34500000] [id=14920]
  0x000001ebbc4a9000 WatcherThread [stack: 0x000000ad34f00000,0x000000ad35000000] [id=9152]
  0x000001eb9823a800 GCTaskThread "GC Thread#0" [stack: 0x000000ad33f00000,0x000000ad34000000] [id=12708]
  0x000001ebbcc07000 GCTaskThread "GC Thread#1" [stack: 0x000000ad35200000,0x000000ad35300000] [id=14540]
  0x000001ebbcc07800 GCTaskThread "GC Thread#2" [stack: 0x000000ad35300000,0x000000ad35400000] [id=5172]
  0x000001ebbcc08000 GCTaskThread "GC Thread#3" [stack: 0x000000ad35400000,0x000000ad35500000] [id=13092]
  0x000001eb98256000 ConcurrentGCThread "G1 Main Marker" [stack: 0x000000ad34000000,0x000000ad34100000] [id=15276]
  0x000001eb98257800 ConcurrentGCThread "G1 Conc#0" [stack: 0x000000ad34100000,0x000000ad34200000] [id=7104]
  0x000001ebbf671800 ConcurrentGCThread "G1 Conc#1" [stack: 0x000000ad35100000,0x000000ad35200000] [id=14488]
  0x000001ebbb5a8800 ConcurrentGCThread "G1 Refine#0" [stack: 0x000000ad34200000,0x000000ad34300000] [id=10252]
  0x000001ebbc2c8800 ConcurrentGCThread "G1 Refine#1" [stack: 0x000000ad35500000,0x000000ad35600000] [id=15272]
  0x000001ebbb5a9800 ConcurrentGCThread "G1 Young RemSet Sampling" [stack: 0x000000ad34300000,0x000000ad34400000] [id=11208]

Threads with active compile tasks:
C2 CompilerThread1     2659 2473   !   4       jdk.internal.loader.BuiltinClassLoader::loadClassOrNull (143 bytes)
C2 CompilerThread2     2659 2630       4       org.springframework.boot.context.properties.source.ConfigurationPropertyName$ElementsParser::parse (234 bytes)

VM state:not at safepoint (normal execution)

VM Mutex/Monitor currently owned by a thread: None

Heap address: 0x0000000741000000, size: 3056 MB, Compressed Oops mode: Zero based, Oop shift amount: 3
Narrow klass base: 0x0000000800000000, Narrow klass shift: 3
Compressed class space size: 1073741824 Address: 0x0000000800b40000

Heap:
 garbage-first heap   total 40960K, used 9512K [0x0000000741000000, 0x0000000800000000)
  region size 1024K, 6 young (6144K), 5 survivors (5120K)
 Metaspace       used 20541K, capacity 21332K, committed 21504K, reserved 1069056K
  class space    used 2527K, capacity 2808K, committed 2816K, reserved 1048576K
Heap Regions: E=young(eden), S=young(survivor), O=old, HS=humongous(starts), HC=humongous(continues), CS=collection set, F=free, A=archive, TAMS=top-at-mark-start (previous, next)
|   0|0x0000000741000000, 0x0000000741100000, 0x0000000741100000|100%| O|  |TAMS 0x0000000741100000, 0x0000000741000000| Untracked 
|   1|0x0000000741100000, 0x0000000741200000, 0x0000000741200000|100%| O|  |TAMS 0x0000000741200000, 0x0000000741100000| Untracked 
|   2|0x0000000741200000, 0x0000000741300000, 0x0000000741300000|100%| O|  |TAMS 0x0000000741300000, 0x0000000741200000| Untracked 
|   3|0x0000000741300000, 0x0000000741400000, 0x0000000741400000|100%| O|  |TAMS 0x0000000741400000, 0x0000000741300000| Untracked 
|   4|0x0000000741400000, 0x0000000741500000, 0x0000000741500000|100%| O|  |TAMS 0x0000000741500000, 0x0000000741400000| Untracked 
|   5|0x0000000741500000, 0x0000000741514c00, 0x0000000741600000|  8%| O|  |TAMS 0x0000000741514c00, 0x0000000741500000| Untracked 
|   6|0x0000000741600000, 0x0000000741600000, 0x0000000741700000|  0%| F|  |TAMS 0x0000000741600000, 0x0000000741600000| Untracked 
|   7|0x0000000741700000, 0x0000000741700000, 0x0000000741800000|  0%| F|  |TAMS 0x0000000741700000, 0x0000000741700000| Untracked 
|   8|0x0000000741800000, 0x0000000741800000, 0x0000000741900000|  0%| F|  |TAMS 0x0000000741800000, 0x0000000741800000| Untracked 
|   9|0x0000000741900000, 0x0000000741900000, 0x0000000741a00000|  0%| F|  |TAMS 0x0000000741900000, 0x0000000741900000| Untracked 
|  10|0x0000000741a00000, 0x0000000741a00000, 0x0000000741b00000|  0%| F|  |TAMS 0x0000000741a00000, 0x0000000741a00000| Untracked 
|  11|0x0000000741b00000, 0x0000000741b00000, 0x0000000741c00000|  0%| F|  |TAMS 0x0000000741b00000, 0x0000000741b00000| Untracked 
|  12|0x0000000741c00000, 0x0000000741c00000, 0x0000000741d00000|  0%| F|  |TAMS 0x0000000741c00000, 0x0000000741c00000| Untracked 
|  13|0x0000000741d00000, 0x0000000741d00000, 0x0000000741e00000|  0%| F|  |TAMS 0x0000000741d00000, 0x0000000741d00000| Untracked 
|  14|0x0000000741e00000, 0x0000000741e00000, 0x0000000741f00000|  0%| F|  |TAMS 0x0000000741e00000, 0x0000000741e00000| Untracked 
|  15|0x0000000741f00000, 0x0000000741f00000, 0x0000000742000000|  0%| F|  |TAMS 0x0000000741f00000, 0x0000000741f00000| Untracked 
|  16|0x0000000742000000, 0x0000000742000000, 0x0000000742100000|  0%| F|  |TAMS 0x0000000742000000, 0x0000000742000000| Untracked 
|  17|0x0000000742100000, 0x0000000742100000, 0x0000000742200000|  0%| F|  |TAMS 0x0000000742100000, 0x0000000742100000| Untracked 
|  18|0x0000000742200000, 0x0000000742200000, 0x0000000742300000|  0%| F|  |TAMS 0x0000000742200000, 0x0000000742200000| Untracked 
|  19|0x0000000742300000, 0x0000000742300000, 0x0000000742400000|  0%| F|  |TAMS 0x0000000742300000, 0x0000000742300000| Untracked 
|  20|0x0000000742400000, 0x0000000742400000, 0x0000000742500000|  0%| F|  |TAMS 0x0000000742400000, 0x0000000742400000| Untracked 
|  21|0x0000000742500000, 0x0000000742500000, 0x0000000742600000|  0%| F|  |TAMS 0x0000000742500000, 0x0000000742500000| Untracked 
|  22|0x0000000742600000, 0x0000000742600000, 0x0000000742700000|  0%| F|  |TAMS 0x0000000742600000, 0x0000000742600000| Untracked 
|  23|0x0000000742700000, 0x0000000742700000, 0x0000000742800000|  0%| F|  |TAMS 0x0000000742700000, 0x0000000742700000| Untracked 
|  24|0x0000000742800000, 0x0000000742800000, 0x0000000742900000|  0%| F|  |TAMS 0x0000000742800000, 0x0000000742800000| Untracked 
|  25|0x0000000742900000, 0x0000000742900000, 0x0000000742a00000|  0%| F|  |TAMS 0x0000000742900000, 0x0000000742900000| Untracked 
|  26|0x0000000742a00000, 0x0000000742a00000, 0x0000000742b00000|  0%| F|  |TAMS 0x0000000742a00000, 0x0000000742a00000| Untracked 
|  27|0x0000000742b00000, 0x0000000742b00000, 0x0000000742c00000|  0%| F|  |TAMS 0x0000000742b00000, 0x0000000742b00000| Untracked 
|  28|0x0000000742c00000, 0x0000000742c00000, 0x0000000742d00000|  0%| F|  |TAMS 0x0000000742c00000, 0x0000000742c00000| Untracked 
|  29|0x0000000742d00000, 0x0000000742d00000, 0x0000000742e00000|  0%| F|  |TAMS 0x0000000742d00000, 0x0000000742d00000| Untracked 
|  30|0x0000000742e00000, 0x0000000742e00000, 0x0000000742f00000|  0%| F|  |TAMS 0x0000000742e00000, 0x0000000742e00000| Untracked 
|  31|0x0000000742f00000, 0x0000000742f00000, 0x0000000743000000|  0%| F|  |TAMS 0x0000000742f00000, 0x0000000742f00000| Untracked 
|  32|0x0000000743000000, 0x0000000743000000, 0x0000000743100000|  0%| F|  |TAMS 0x0000000743000000, 0x0000000743000000| Untracked 
|  33|0x0000000743100000, 0x0000000743100000, 0x0000000743200000|  0%| F|  |TAMS 0x0000000743100000, 0x0000000743100000| Untracked 
| 150|0x000000074a600000, 0x000000074a635790, 0x000000074a700000| 20%| S|CS|TAMS 0x000000074a600000, 0x000000074a600000| Complete 
| 151|0x000000074a700000, 0x000000074a800000, 0x000000074a800000|100%| S|CS|TAMS 0x000000074a700000, 0x000000074a700000| Complete 
| 152|0x000000074a800000, 0x000000074a900000, 0x000000074a900000|100%| S|CS|TAMS 0x000000074a800000, 0x000000074a800000| Complete 
| 153|0x000000074a900000, 0x000000074aa00000, 0x000000074aa00000|100%| S|CS|TAMS 0x000000074a900000, 0x000000074a900000| Complete 
| 154|0x000000074aa00000, 0x000000074ab00000, 0x000000074ab00000|100%| S|CS|TAMS 0x000000074aa00000, 0x000000074aa00000| Complete 
| 191|0x000000074cf00000, 0x000000074cf80000, 0x000000074d000000| 50%| E|  |TAMS 0x000000074cf00000, 0x000000074cf00000| Complete 

Card table byte_map: [0x000001ebb2060000,0x000001ebb2660000] _byte_map_base: 0x000001ebae658000

Marking Bits (Prev, Next): (CMBitMap*) 0x000001eb9823c138, (CMBitMap*) 0x000001eb9823c0f8
 Prev Bits: [0x000001ebb5c20000, 0x000001ebb8be0000)
 Next Bits: [0x000001ebb2c60000, 0x000001ebb5c20000)

Polling page: 0x000001eb98030000

Metaspace:

Usage:
  Non-class:     18.09 MB capacity,    17.59 MB ( 97%) used,   431.84 KB (  2%) free+waste,    77.56 KB ( <1%) overhead. 
      Class:      2.74 MB capacity,     2.47 MB ( 90%) used,   242.41 KB (  9%) free+waste,    38.44 KB (  1%) overhead. 
       Both:     20.83 MB capacity,    20.06 MB ( 96%) used,   674.26 KB (  3%) free+waste,   116.00 KB ( <1%) overhead. 

Virtual space:
  Non-class space:       20.00 MB reserved,      18.25 MB ( 91%) committed 
      Class space:        1.00 GB reserved,       2.75 MB ( <1%) committed 
             Both:        1.02 GB reserved,      21.00 MB (  2%) committed 

Chunk freelists:
   Non-Class:  36.00 KB
       Class:  8.00 KB
        Both:  44.00 KB

MaxMetaspaceSize: 17179869184.00 GB
CompressedClassSpaceSize: 1.00 GB

CodeHeap 'non-profiled nmethods': size=120000Kb used=1250Kb max_used=1250Kb free=118749Kb
 bounds [0x000001eba9980000, 0x000001eba9bf0000, 0x000001ebb0eb0000]
CodeHeap 'profiled nmethods': size=120000Kb used=5796Kb max_used=5796Kb free=114203Kb
 bounds [0x000001eba2450000, 0x000001eba2a00000, 0x000001eba9980000]
CodeHeap 'non-nmethods': size=5760Kb used=1218Kb max_used=1264Kb free=4541Kb
 bounds [0x000001eba1eb0000, 0x000001eba2120000, 0x000001eba2450000]
 total_blobs=4076 nmethods=2679 adapters=383
 compilation: enabled
              stopped_count=0, restarted_count=0
 full_count=0

Compilation events (20 events):
Event: 2.361 Thread 0x000001ebbbf57000 2650       1       org.springframework.boot.context.properties.bind.Bindable::getType (5 bytes)
Event: 2.361 Thread 0x000001ebbbf57000 nmethod 2650 0x000001eba9aa5c10 code [0x000001eba9aa5da0, 0x000001eba9aa5ed8]
Event: 2.361 Thread 0x000001ebbbf57000 2657       1       org.springframework.core.MethodParameter::getExecutable (5 bytes)
Event: 2.361 Thread 0x000001ebbbf57000 nmethod 2657 0x000001eba9aa5f90 code [0x000001eba9aa6120, 0x000001eba9aa6258]
Event: 2.361 Thread 0x000001ebbbf57000 2658       1       org.springframework.core.MethodParameter::getParameterIndex (5 bytes)
Event: 2.361 Thread 0x000001ebbbf57000 nmethod 2658 0x000001eba9aa6310 code [0x000001eba9aa64a0, 0x000001eba9aa65d8]
Event: 2.364 Thread 0x000001ebbbf57000 2663       3       java.lang.reflect.Proxy$ProxyBuilder::getElementType (19 bytes)
Event: 2.364 Thread 0x000001ebbbf57000 nmethod 2663 0x000001eba29ef890 code [0x000001eba29efa60, 0x000001eba29efd80]
Event: 2.364 Thread 0x000001ebbbf57000 2662       3       java.lang.reflect.Proxy$ProxyBuilder::addElementType (19 bytes)
Event: 2.365 Thread 0x000001ebbbf57000 nmethod 2662 0x000001eba29efe90 code [0x000001eba29f00a0, 0x000001eba29f06b0]
Event: 2.365 Thread 0x000001ebbbf57000 2664       3       java.lang.reflect.ProxyGenerator$ProxyMethod::<init> (71 bytes)
Event: 2.366 Thread 0x000001ebbbf57000 nmethod 2664 0x000001eba29f0890 code [0x000001eba29f0b00, 0x000001eba29f1650]
Event: 2.366 Thread 0x000001ebbbf57000 2665       3       org.springframework.core.BridgeMethodResolver$$Lambda$313/0x0000000800d92040::matches (9 bytes)
Event: 2.366 Thread 0x000001ebbbf57000 nmethod 2665 0x000001eba29f1990 code [0x000001eba29f1b40, 0x000001eba29f1d50]
Event: 2.366 Thread 0x000001ebbbf57000 2666       3       org.springframework.core.BridgeMethodResolver::lambda$findBridgedMethod$0 (6 bytes)
Event: 2.366 Thread 0x000001ebbbf57000 nmethod 2666 0x000001eba29f1e10 code [0x000001eba29f1fc0, 0x000001eba29f2130]
Event: 2.367 Thread 0x000001ebbbf57000 2667       3       org.springframework.beans.AbstractNestablePropertyAccessor::getWrappedInstance (22 bytes)
Event: 2.367 Thread 0x000001ebbbf57000 nmethod 2667 0x000001eba29f2210 code [0x000001eba29f23e0, 0x000001eba29f2730]
Event: 2.370 Thread 0x000001ebbbf57000 2668       1       java.util.logging.LogManager$LoggerContext::getOwner (5 bytes)
Event: 2.370 Thread 0x000001ebbbf57000 nmethod 2668 0x000001eba9aa6690 code [0x000001eba9aa6820, 0x000001eba9aa6958]

GC Heap History (6 events):
Event: 0.687 GC heap before
{Heap before GC invocations=0 (full 0):
 garbage-first heap   total 196608K, used 23552K [0x0000000741000000, 0x0000000800000000)
  region size 1024K, 24 young (24576K), 0 survivors (0K)
 Metaspace       used 6289K, capacity 7896K, committed 8192K, reserved 1056768K
  class space    used 723K, capacity 918K, committed 1024K, reserved 1048576K
}
Event: 0.691 GC heap after
{Heap after GC invocations=1 (full 0):
 garbage-first heap   total 196608K, used 5138K [0x0000000741000000, 0x0000000800000000)
  region size 1024K, 3 young (3072K), 3 survivors (3072K)
 Metaspace       used 6289K, capacity 7896K, committed 8192K, reserved 1056768K
  class space    used 723K, capacity 918K, committed 1024K, reserved 1048576K
}
Event: 0.956 GC heap before
{Heap before GC invocations=1 (full 0):
 garbage-first heap   total 196608K, used 31762K [0x0000000741000000, 0x0000000800000000)
  region size 1024K, 29 young (29696K), 3 survivors (3072K)
 Metaspace       used 12048K, capacity 13187K, committed 13440K, reserved 1060864K
  class space    used 1472K, capacity 1646K, committed 1664K, reserved 1048576K
}
Event: 0.961 GC heap after
{Heap after GC invocations=2 (full 0):
 garbage-first heap   total 196608K, used 6187K [0x0000000741000000, 0x0000000800000000)
  region size 1024K, 1 young (1024K), 1 survivors (1024K)
 Metaspace       used 12048K, capacity 13187K, committed 13440K, reserved 1060864K
  class space    used 1472K, capacity 1646K, committed 1664K, reserved 1048576K
}
Event: 1.529 GC heap before
{Heap before GC invocations=2 (full 0):
 garbage-first heap   total 196608K, used 48171K [0x0000000741000000, 0x0000000800000000)
  region size 1024K, 42 young (43008K), 1 survivors (1024K)
 Metaspace       used 15481K, capacity 15974K, committed 16256K, reserved 1062912K
  class space    used 1886K, capacity 2081K, committed 2176K, reserved 1048576K
}
Event: 1.534 GC heap after
{Heap after GC invocations=3 (full 0):
 garbage-first heap   total 196608K, used 7917K [0x0000000741000000, 0x0000000800000000)
  region size 1024K, 3 young (3072K), 3 survivors (3072K)
 Metaspace       used 15481K, capacity 15974K, committed 16256K, reserved 1062912K
  class space    used 1886K, capacity 2081K, committed 2176K, reserved 1048576K
}

Deoptimization events (20 events):
Event: 2.197 Thread 0x000001eb981e4000 DEOPT PACKING pc=0x000001eba99fb450 sp=0x000000ad33efc700
Event: 2.197 Thread 0x000001eb981e4000 DEOPT UNPACKING pc=0x000001eba1ef912f sp=0x000000ad33efc698 mode 2
Event: 2.198 Thread 0x000001eb981e4000 DEOPT PACKING pc=0x000001eba278f8f4 sp=0x000000ad33efcbb0
Event: 2.198 Thread 0x000001eb981e4000 DEOPT UNPACKING pc=0x000001eba1ef964e sp=0x000000ad33efc0a8 mode 0
Event: 2.242 Thread 0x000001eb981e4000 Uncommon trap: trap_request=0xffffff45 fr.pc=0x000001eba9a6fa1c relative=0x00000000000000fc
Event: 2.242 Thread 0x000001eb981e4000 Uncommon trap: reason=unstable_if action=reinterpret pc=0x000001eba9a6fa1c method=java.util.Arrays.equals([Ljava/lang/Object;[Ljava/lang/Object;)Z @ 44 c2
Event: 2.242 Thread 0x000001eb981e4000 DEOPT PACKING pc=0x000001eba9a6fa1c sp=0x000000ad33efdd00
Event: 2.242 Thread 0x000001eb981e4000 DEOPT UNPACKING pc=0x000001eba1ef912f sp=0x000000ad33efdca0 mode 2
Event: 2.341 Thread 0x000001eb981e4000 Uncommon trap: trap_request=0xffffff45 fr.pc=0x000001eba9aa2c90 relative=0x0000000000000070
Event: 2.341 Thread 0x000001eb981e4000 Uncommon trap: reason=unstable_if action=reinterpret pc=0x000001eba9aa2c90 method=sun.net.www.ParseUtil.firstEncodeIndex(Ljava/lang/String;)I @ 51 c2
Event: 2.341 Thread 0x000001eb981e4000 DEOPT PACKING pc=0x000001eba9aa2c90 sp=0x000000ad33efa260
Event: 2.341 Thread 0x000001eb981e4000 DEOPT UNPACKING pc=0x000001eba1ef912f sp=0x000000ad33efa178 mode 2
Event: 2.341 Thread 0x000001eb981e4000 Uncommon trap: trap_request=0xffffff45 fr.pc=0x000001eba99d89fc relative=0x000000000000005c
Event: 2.341 Thread 0x000001eb981e4000 Uncommon trap: reason=unstable_if action=reinterpret pc=0x000001eba99d89fc method=sun.net.www.ParseUtil.firstEncodeIndex(Ljava/lang/String;)I @ 51 c2
Event: 2.341 Thread 0x000001eb981e4000 DEOPT PACKING pc=0x000001eba99d89fc sp=0x000000ad33ef9ff0
Event: 2.341 Thread 0x000001eb981e4000 DEOPT UNPACKING pc=0x000001eba1ef912f sp=0x000000ad33ef9f80 mode 2
Event: 2.373 Thread 0x000001eb981e4000 Uncommon trap: trap_request=0xffffff45 fr.pc=0x000001eba9a6df4c relative=0x000000000000028c
Event: 2.373 Thread 0x000001eb981e4000 Uncommon trap: reason=unstable_if action=reinterpret pc=0x000001eba9a6df4c method=java.util.LinkedHashMap.get(Ljava/lang/Object;)Ljava/lang/Object; @ 20 c2
Event: 2.373 Thread 0x000001eb981e4000 DEOPT PACKING pc=0x000001eba9a6df4c sp=0x000000ad33efe230
Event: 2.373 Thread 0x000001eb981e4000 DEOPT UNPACKING pc=0x000001eba1ef912f sp=0x000000ad33efe1e8 mode 2

Classes unloaded (0 events):
No events

Classes redefined (0 events):
No events

Internal exceptions (20 events):
Event: 1.102 Thread 0x000001eb981e4000 Exception <a 'java/lang/ClassNotFoundException'{0x000000074c9a2c98}: org/springframework/context/annotation/ConfigurationClassPostProcessorCustomizer> (0x000000074c9a2c98) 
thrown [t:/workspace/open/src/hotspot/share/classfile/systemDictionary.cpp, line 232]
Event: 1.112 Thread 0x000001eb981e4000 Exception <a 'java/lang/ClassNotFoundException'{0x000000074c801258}: org/springframework/beans/factory/support/BeanDefinitionRegistryPostProcessorCustomizer> (0x000000074c801258) 
thrown [t:/workspace/open/src/hotspot/share/classfile/systemDictionary.cpp, line 232]
Event: 1.112 Thread 0x000001eb981e4000 Exception <a 'java/lang/ClassNotFoundException'{0x000000074c80b6a8}: org/springframework/beans/factory/config/BeanFactoryPostProcessorCustomizer> (0x000000074c80b6a8) 
thrown [t:/workspace/open/src/hotspot/share/classfile/systemDictionary.cpp, line 232]
Event: 1.113 Thread 0x000001eb981e4000 Exception <a 'java/lang/ClassNotFoundException'{0x000000074c8142b0}: org/springframework/core/PriorityOrderedCustomizer> (0x000000074c8142b0) 
thrown [t:/workspace/open/src/hotspot/share/classfile/systemDictionary.cpp, line 232]
Event: 1.113 Thread 0x000001eb981e4000 Exception <a 'java/lang/ClassNotFoundException'{0x000000074c81b478}: org/springframework/core/OrderedCustomizer> (0x000000074c81b478) 
thrown [t:/workspace/open/src/hotspot/share/classfile/systemDictionary.cpp, line 232]
Event: 1.114 Thread 0x000001eb981e4000 Exception <a 'java/lang/ClassNotFoundException'{0x000000074c824258}: org/springframework/context/ResourceLoaderAwareCustomizer> (0x000000074c824258) 
thrown [t:/workspace/open/src/hotspot/share/classfile/systemDictionary.cpp, line 232]
Event: 1.115 Thread 0x000001eb981e4000 Exception <a 'java/lang/ClassNotFoundException'{0x000000074c82cac0}: org/springframework/beans/factory/AwareCustomizer> (0x000000074c82cac0) 
thrown [t:/workspace/open/src/hotspot/share/classfile/systemDictionary.cpp, line 232]
Event: 1.115 Thread 0x000001eb981e4000 Exception <a 'java/lang/ClassNotFoundException'{0x000000074c835108}: org/springframework/beans/factory/BeanClassLoaderAwareCustomizer> (0x000000074c835108) 
thrown [t:/workspace/open/src/hotspot/share/classfile/systemDictionary.cpp, line 232]
Event: 1.115 Thread 0x000001eb981e4000 Exception <a 'java/lang/ClassNotFoundException'{0x000000074c83d988}: org/springframework/beans/factory/AwareCustomizer> (0x000000074c83d988) 
thrown [t:/workspace/open/src/hotspot/share/classfile/systemDictionary.cpp, line 232]
Event: 1.116 Thread 0x000001eb981e4000 Exception <a 'java/lang/ClassNotFoundException'{0x000000074c8456b0}: org/springframework/context/EnvironmentAwareCustomizer> (0x000000074c8456b0) 
thrown [t:/workspace/open/src/hotspot/share/classfile/systemDictionary.cpp, line 232]
Event: 1.116 Thread 0x000001eb981e4000 Exception <a 'java/lang/ClassNotFoundException'{0x000000074c84de80}: org/springframework/beans/factory/AwareCustomizer> (0x000000074c84de80) 
thrown [t:/workspace/open/src/hotspot/share/classfile/systemDictionary.cpp, line 232]
Event: 1.203 Thread 0x000001eb981e4000 Exception <a 'java/lang/NoSuchMethodError'{0x000000074c5cc820}: 'int java.lang.invoke.DirectMethodHandle$Holder.invokeSpecialIFC(java.lang.Object, java.lang.Object, java.lang.Object, java.lang.Object)'> (0x000000074c5cc820) 
thrown [t:/workspace/open/src/hotspot/share/interpreter/linkResolver.cpp, line 767]
Event: 1.271 Thread 0x000001eb981e4000 Exception <a 'java/lang/IncompatibleClassChangeError'{0x000000074c0e73b8}: Found class java.lang.Object, but interface was expected> (0x000000074c0e73b8) 
thrown [t:/workspace/open/src/hotspot/share/interpreter/linkResolver.cpp, line 833]
Event: 1.305 Thread 0x000001eb981e4000 Exception <a 'java/lang/NoSuchMethodError'{0x000000074be05648}: 'void java.lang.invoke.DirectMethodHandle$Holder.invokeStatic(java.lang.Object, java.lang.Object, java.lang.Object, java.lang.Object, java.lang.Object)'> (0x000000074be05648) 
thrown [t:/workspace/open/src/hotspot/share/interpreter/linkResolver.cpp, line 767]
Event: 1.319 Thread 0x000001eb981e4000 Exception <a 'java/lang/NoSuchMethodError'{0x000000074be67640}: 'void java.lang.invoke.DirectMethodHandle$Holder.invokeStatic(java.lang.Object, java.lang.Object, java.lang.Object, java.lang.Object)'> (0x000000074be67640) 
thrown [t:/workspace/open/src/hotspot/share/interpreter/linkResolver.cpp, line 767]
Event: 1.322 Thread 0x000001eb981e4000 Exception <a 'java/lang/NoSuchMethodError'{0x000000074be73e80}: 'void java.lang.invoke.DirectMethodHandle$Holder.invokeInterface(java.lang.Object, java.lang.Object, java.lang.Object, java.lang.Object)'> (0x000000074be73e80) 
thrown [t:/workspace/open/src/hotspot/share/interpreter/linkResolver.cpp, line 767]
Event: 2.223 Thread 0x000001eb981e4000 Exception <a 'java/lang/NoSuchMethodError'{0x000000074b2a0798}: 'int java.lang.invoke.DirectMethodHandle$Holder.invokeSpecial(java.lang.Object, java.lang.Object, java.lang.Object, java.lang.Object, java.lang.Object)'> (0x000000074b2a0798) 
thrown [t:/workspace/open/src/hotspot/share/interpreter/linkResolver.cpp, line 767]
Event: 2.296 Thread 0x000001eb981e4000 Exception <a 'java/lang/NoSuchMethodError'{0x000000074afbaf70}: 'void java.lang.invoke.DirectMethodHandle$Holder.invokeInterface(java.lang.Object, java.lang.Object, int)'> (0x000000074afbaf70) 
thrown [t:/workspace/open/src/hotspot/share/interpreter/linkResolver.cpp, line 767]
Event: 2.303 Thread 0x000001eb981e4000 Exception <a 'java/lang/IncompatibleClassChangeError'{0x000000074ae03648}: Found class java.lang.Object, but interface was expected> (0x000000074ae03648) 
thrown [t:/workspace/open/src/hotspot/share/interpreter/linkResolver.cpp, line 833]
Event: 2.304 Thread 0x000001eb981e4000 Exception <a 'java/lang/NoSuchMethodError'{0x000000074ae08378}: 'void java.lang.invoke.DirectMethodHandle$Holder.invokeStatic(java.lang.Object, int, java.lang.Object)'> (0x000000074ae08378) 
thrown [t:/workspace/open/src/hotspot/share/interpreter/linkResolver.cpp, line 767]

Events (20 events):
Event: 2.373 loading class javax/management/MBeanException
Event: 2.373 loading class javax/management/MBeanException done
Event: 2.373 loading class javax/management/ServiceNotFoundException
Event: 2.373 loading class javax/management/ServiceNotFoundException done
Event: 2.373 loading class java/util/concurrent/locks/ReentrantReadWriteLock
Event: 2.374 loading class java/util/concurrent/locks/ReentrantReadWriteLock done
Event: 2.374 loading class java/util/concurrent/locks/ReentrantReadWriteLock$NonfairSync
Event: 2.374 loading class java/util/concurrent/locks/ReentrantReadWriteLock$Sync
Event: 2.374 loading class java/util/concurrent/locks/ReentrantReadWriteLock$Sync done
Event: 2.374 loading class java/util/concurrent/locks/ReentrantReadWriteLock$NonfairSync done
Event: 2.374 loading class java/util/concurrent/locks/ReentrantReadWriteLock$Sync$ThreadLocalHoldCounter
Event: 2.374 loading class java/util/concurrent/locks/ReentrantReadWriteLock$Sync$ThreadLocalHoldCounter done
Event: 2.374 loading class java/util/concurrent/locks/ReentrantReadWriteLock$ReadLock
Event: 2.374 loading class java/util/concurrent/locks/ReentrantReadWriteLock$ReadLock done
Event: 2.374 loading class java/util/concurrent/locks/ReentrantReadWriteLock$WriteLock
Event: 2.374 loading class java/util/concurrent/locks/ReentrantReadWriteLock$WriteLock done
Event: 2.374 loading class org/apache/tomcat/util/modeler/NotificationInfo
Event: 2.374 loading class org/apache/tomcat/util/modeler/NotificationInfo done
Event: 2.374 loading class org/apache/tomcat/util/modeler/FeatureInfo
Event: 2.374 loading class org/apache/tomcat/util/modeler/FeatureInfo done


Dynamic libraries:
0x00007ff6161b0000 - 0x00007ff6161bf000 	C:\Program Files\Java\jdk-13.0.2\bin\java.exe
0x00007ff8509d0000 - 0x00007ff850bc4000 	C:\WINDOWS\SYSTEM32\ntdll.dll
0x00007ff84ecf0000 - 0x00007ff84edad000 	C:\WINDOWS\System32\KERNEL32.DLL
0x00007ff84e770000 - 0x00007ff84ea37000 	C:\WINDOWS\System32\KERNELBASE.dll
0x00007ff84e3a0000 - 0x00007ff84e4a0000 	C:\WINDOWS\System32\ucrtbase.dll
0x00007ff835b90000 - 0x00007ff835ba8000 	C:\Program Files\Java\jdk-13.0.2\bin\jli.dll
0x00007ff8333e0000 - 0x00007ff8333f5000 	C:\Program Files\Java\jdk-13.0.2\bin\VCRUNTIME140.dll
0x00007ff84f330000 - 0x00007ff84f3da000 	C:\WINDOWS\System32\ADVAPI32.dll
0x00007ff84ebf0000 - 0x00007ff84ec8e000 	C:\WINDOWS\System32\msvcrt.dll
0x00007ff84f5c0000 - 0x00007ff84f65b000 	C:\WINDOWS\System32\sechost.dll
0x00007ff84fad0000 - 0x00007ff84fbf3000 	C:\WINDOWS\System32\RPCRT4.dll
0x00007ff84fee0000 - 0x00007ff850080000 	C:\WINDOWS\System32\USER32.dll
0x00007ff84e2c0000 - 0x00007ff84e2e2000 	C:\WINDOWS\System32\win32u.dll
0x00007ff84cee0000 - 0x00007ff84d17a000 	C:\WINDOWS\WinSxS\amd64_microsoft.windows.common-controls_6595b64144ccf1df_6.0.19041.1_none_b555e41d4684ddec\COMCTL32.dll
0x00007ff84edb0000 - 0x00007ff84edda000 	C:\WINDOWS\System32\GDI32.dll
0x00007ff84e4a0000 - 0x00007ff84e5aa000 	C:\WINDOWS\System32\gdi32full.dll
0x00007ff84e120000 - 0x00007ff84e1bd000 	C:\WINDOWS\System32\msvcp_win.dll
0x00007ff83fdb0000 - 0x00007ff83fdba000 	C:\WINDOWS\SYSTEM32\VERSION.dll
0x00007ff84fc20000 - 0x00007ff84fc50000 	C:\WINDOWS\System32\IMM32.DLL
0x00007ff831900000 - 0x00007ff83199b000 	C:\Program Files\Java\jdk-13.0.2\bin\msvcp140.dll
0x00007ff815190000 - 0x00007ff815ced000 	C:\Program Files\Java\jdk-13.0.2\bin\server\jvm.dll
0x00007ff84f320000 - 0x00007ff84f328000 	C:\WINDOWS\System32\PSAPI.DLL
0x00007ff846f60000 - 0x00007ff846f69000 	C:\WINDOWS\SYSTEM32\WSOCK32.dll
0x00007ff84eed0000 - 0x00007ff84ef3b000 	C:\WINDOWS\System32\WS2_32.dll
0x00007ff842350000 - 0x00007ff842377000 	C:\WINDOWS\SYSTEM32\WINMM.dll
0x00007ff84bc40000 - 0x00007ff84bc53000 	C:\WINDOWS\SYSTEM32\kernel.appcore.dll
0x00007ff83a620000 - 0x00007ff83a630000 	C:\Program Files\Java\jdk-13.0.2\bin\verify.dll
0x00007ff84db20000 - 0x00007ff84dd04000 	C:\WINDOWS\SYSTEM32\DBGHELP.DLL
0x00007ff84d6f0000 - 0x00007ff84d71c000 	C:\WINDOWS\SYSTEM32\dbgcore.DLL
0x00007ff84e240000 - 0x00007ff84e2bf000 	C:\WINDOWS\System32\bcryptPrimitives.dll
0x00007ff833210000 - 0x00007ff833236000 	C:\Program Files\Java\jdk-13.0.2\bin\java.dll
0x00007ff839a30000 - 0x00007ff839a3e000 	C:\Program Files\Java\jdk-13.0.2\bin\instrument.dll
0x00007ff8331f0000 - 0x00007ff833207000 	C:\Program Files\Java\jdk-13.0.2\bin\zip.dll
0x00007ff836b80000 - 0x00007ff836b8a000 	C:\Program Files\Java\jdk-13.0.2\bin\jimage.dll
0x00007ff850250000 - 0x00007ff850984000 	C:\WINDOWS\System32\SHELL32.dll
0x00007ff84bc60000 - 0x00007ff84c3ee000 	C:\WINDOWS\SYSTEM32\windows.storage.dll
0x00007ff84efc0000 - 0x00007ff84f313000 	C:\WINDOWS\System32\combase.dll
0x00007ff84d7a0000 - 0x00007ff84d7cb000 	C:\WINDOWS\SYSTEM32\Wldp.dll
0x00007ff84f3e0000 - 0x00007ff84f48e000 	C:\WINDOWS\System32\SHCORE.dll
0x00007ff84fd20000 - 0x00007ff84fd75000 	C:\WINDOWS\System32\shlwapi.dll
0x00007ff84e060000 - 0x00007ff84e07f000 	C:\WINDOWS\SYSTEM32\profapi.dll
0x00007ff8331d0000 - 0x00007ff8331e9000 	C:\Program Files\Java\jdk-13.0.2\bin\net.dll
0x00007ff840b80000 - 0x00007ff840c80000 	C:\WINDOWS\SYSTEM32\WINHTTP.dll
0x00007ff84d490000 - 0x00007ff84d4fa000 	C:\WINDOWS\system32\mswsock.dll
0x00007ff8330f0000 - 0x00007ff833103000 	C:\Program Files\Java\jdk-13.0.2\bin\nio.dll
0x00007ff835920000 - 0x00007ff83593a000 	C:\Program Files\JetBrains\IntelliJ IDEA Community Edition 2020.1.2\bin\breakgen64.dll
0x00007ff835d70000 - 0x00007ff835d79000 	C:\Program Files\Java\jdk-13.0.2\bin\management.dll
0x00007ff835b80000 - 0x00007ff835b8b000 	C:\Program Files\Java\jdk-13.0.2\bin\management_ext.dll
0x00007ff83b830000 - 0x00007ff83b847000 	C:\WINDOWS\system32\napinsp.dll
0x00007ff83b730000 - 0x00007ff83b74b000 	C:\WINDOWS\system32\pnrpnsp.dll
0x00007ff83b710000 - 0x00007ff83b725000 	C:\WINDOWS\system32\wshbth.dll
0x00007ff8490b0000 - 0x00007ff8490cd000 	C:\WINDOWS\system32\NLAapi.dll
0x00007ff84d180000 - 0x00007ff84d1bb000 	C:\WINDOWS\SYSTEM32\IPHLPAPI.DLL
0x00007ff84d1c0000 - 0x00007ff84d28a000 	C:\WINDOWS\SYSTEM32\DNSAPI.dll
0x00007ff84fc10000 - 0x00007ff84fc19000 	C:\WINDOWS\System32\NSI.dll
0x00007ff83b6f0000 - 0x00007ff83b702000 	C:\WINDOWS\System32\winrnr.dll
0x00007ff840a00000 - 0x00007ff840a0a000 	C:\Windows\System32\rasadhlp.dll
0x00007ff840b00000 - 0x00007ff840b7f000 	C:\WINDOWS\System32\fwpuclnt.dll
0x00007ff84e1c0000 - 0x00007ff84e1e7000 	C:\WINDOWS\System32\bcrypt.dll
0x00007ff84dd10000 - 0x00007ff84dd28000 	C:\WINDOWS\SYSTEM32\CRYPTSP.dll
0x00007ff84cb80000 - 0x00007ff84cbb4000 	C:\WINDOWS\system32\rsaenh.dll
0x00007ff84e020000 - 0x00007ff84e04e000 	C:\WINDOWS\SYSTEM32\USERENV.dll
0x00007ff84d660000 - 0x00007ff84d66c000 	C:\WINDOWS\SYSTEM32\CRYPTBASE.dll
0x00007ff8452c0000 - 0x00007ff8452d7000 	C:\WINDOWS\SYSTEM32\dhcpcsvc6.DLL
0x00007ff845340000 - 0x00007ff84535d000 	C:\WINDOWS\SYSTEM32\dhcpcsvc.DLL

dbghelp: loaded successfully - version: 4.0.5 - missing functions: none
symbol engine: initialized successfully - sym options: 0x614 - pdb path: .;C:\Program Files\Java\jdk-13.0.2\bin;C:\WINDOWS\SYSTEM32;C:\WINDOWS\WinSxS\amd64_microsoft.windows.common-controls_6595b64144ccf1df_6.0.19041.1_none_b555e41d4684ddec;C:\Program Files\Java\jdk-13.0.2\bin\server;C:\Program Files\JetBrains\IntelliJ IDEA Community Edition 2020.1.2\bin

VM Arguments:
jvm_args: -javaagent:C:\Program Files\JetBrains\IntelliJ IDEA Community Edition 2020.1.2\lib\idea_rt.jar=54798:C:\Program Files\JetBrains\IntelliJ IDEA Community Edition 2020.1.2\bin -Dfile.encoding=UTF-8 
java_command: ires.baylor.edu.logerrors.LogErrorsApplication
java_class_path (initial): C:\Users\Elizabeth\Documents\Elizabeth\Baylor_Summer_2020\Team_C_GIT\log-errors\target\classes;C:\Users\Elizabeth\.m2\repository\org\json\json\20200518\json-20200518.jar;C:\Users\Elizabeth\.m2\repository\com\google\apis\google-api-services-customsearch\v1-rev57-1.23.0\google-api-services-customsearch-v1-rev57-1.23.0.jar;C:\Users\Elizabeth\.m2\repository\com\google\api-client\google-api-client\1.23.0\google-api-client-1.23.0.jar;C:\Users\Elizabeth\.m2\repository\com\google\oauth-client\google-oauth-client\1.23.0\google-oauth-client-1.23.0.jar;C:\Users\Elizabeth\.m2\repository\com\google\http-client\google-http-client\1.23.0\google-http-client-1.23.0.jar;C:\Users\Elizabeth\.m2\repository\org\apache\httpcomponents\httpclient\4.5.12\httpclient-4.5.12.jar;C:\Users\Elizabeth\.m2\repository\org\apache\httpcomponents\httpcore\4.4.13\httpcore-4.4.13.jar;C:\Users\Elizabeth\.m2\repository\commons-codec\commons-codec\1.14\commons-codec-1.14.jar;C:\Users\Elizabeth\.m2\repository\com\google\code\findbugs\jsr305\1.3.9\jsr305-1.3.9.jar;C:\Users\Elizabeth\.m2\repository\com\google\http-client\google-http-client-jackson2\1.23.0\google-http-client-jackson2-1.23.0.jar;C:\Users\Elizabeth\.m2\repository\com\fasterxml\jackson\core\jackson-core\2.11.0\jackson-core-2.11.0.jar;C:\Users\Elizabeth\.m2\repository\com\google\guava\guava-jdk5\17.0\guava-jdk5-17.0.jar;C:\Users\Elizabeth\.m2\repository\org\mongodb\mongo-java-driver\3.12.5\mongo-java-driver-3.12.5.jar;C:\Users\Elizabeth\.m2\repository\org\springframework\boot\spring-boot-starter\2.3.0.RELEASE\spring-boot-starter-2.3.0.RELEASE.jar;C:\Users\Elizabeth\.m2\repository\org\springframework\boot\spring-boot\2.3.0.RELEASE\spring-boot-2.3.0.RELEASE.jar;C:\Users\Elizabeth\.m2\repository\org\springframework\spring-context\5.2.6.RELEASE\spring-context-5.2.6.RELEASE.jar;C:\Users\Elizabeth\.m2\repository\org\springframework\boot\spring-boot-autoconfigure\2.3.0.RELEASE\spring-boot-autoconfigure-2.3.0.RELEASE.jar;C:\User
Launcher Type: SUN_STANDARD

[Global flags]
     intx CICompilerCount                          = 4                                         {product} {ergonomic}
     uint ConcGCThreads                            = 2                                         {product} {ergonomic}
     uint G1ConcRefinementThreads                  = 8                                         {product} {ergonomic}
   size_t G1HeapRegionSize                         = 1048576                                   {product} {ergonomic}
    uintx GCDrainStackTargetSize                   = 64                                        {product} {ergonomic}
   size_t InitialHeapSize                          = 201326592                                 {product} {ergonomic}
   size_t MarkStackSize                            = 4194304                                   {product} {ergonomic}
   size_t MaxHeapSize                              = 3204448256                                {product} {ergonomic}
   size_t MaxNewSize                               = 1922039808                                {product} {ergonomic}
   size_t MinHeapDeltaBytes                        = 1048576                                   {product} {ergonomic}
   size_t MinHeapSize                              = 8388608                                   {product} {ergonomic}
    uintx NonNMethodCodeHeapSize                   = 5839372                                {pd product} {ergonomic}
    uintx NonProfiledCodeHeapSize                  = 122909434                              {pd product} {ergonomic}
    uintx ProfiledCodeHeapSize                     = 122909434                              {pd product} {ergonomic}
    uintx ReservedCodeCacheSize                    = 251658240                              {pd product} {ergonomic}
     bool SegmentedCodeCache                       = true                                      {product} {ergonomic}
   size_t SoftMaxHeapSize                          = 3204448256                             {manageable} {ergonomic}
     bool UseCompressedClassPointers               = true                                 {lp64_product} {ergonomic}
     bool UseCompressedOops                        = true                                 {lp64_product} {ergonomic}
     bool UseG1GC                                  = true                                      {product} {ergonomic}
     bool UseLargePagesIndividualAllocation        = false                                  {pd product} {ergonomic}

Logging:
Log output configuration:
 #0: stdout all=warning uptime,level,tags
 #1: stderr all=off uptime,level,tags

Environment Variables:
JAVA_HOME=C:\Program Files\Java\jdk-13.0.2
PATH=C:\WINDOWS\system32;C:\WINDOWS;C:\WINDOWS\System32\Wbem;C:\WINDOWS\System32\WindowsPowerShell\v1.0\;C:\WINDOWS\System32\OpenSSH\;C:\Program Files\CMake\bin;C:\Program Files\Git\cmd;C:\Program Files (x86)\Vim;C:\MinGW\bin;C:\Program Files\nodejs\;C:\Program Files\MATLAB\R2019b\bin;C:\Program Files\Docker\Docker\resources\bin;C:\ProgramData\DockerDesktop\version-bin;C:\Go\bin;C:\Users\Elizabeth\AppData\Local\Programs\Python\Python38\Scripts\;C:\Users\Elizabeth\AppData\Local\Programs\Python\Python38\;C:\Users\Elizabeth\AppData\Local\Programs\Python\Python38-32\Scripts\;C:\Users\Elizabeth\AppData\Local\Programs\Python\Python38-32\;C:\Users\Elizabeth\AppData\Local\Microsoft\WindowsApps;C:\Program Files\Java\jdk-13.0.2\bin;C:\Program Files\apache-maven-3.6.2\bin;C:\Program Files\JetBrains\PyCharm Community Edition 2019.2.3\bin;;C:\Users\Elizabeth\AppData\Local\Programs\Microsoft VS Code\bin;C:\Users\Elizabeth\AppData\Roaming\npm;C:\Program Files\nodejs\node_modules\npm\bin;C:\Program Files\gradle-6.1\bin;C:\Program Files (x86)\Common Files\Oracle\Java\javapath;C:\Program Files\MySQL\MySQL Server 8.0\bin;C:\Program Files\JetBrains\IntelliJ IDEA Community Edition 2020.1.2\bin;;C:\Program Files\MongoDB\Server\4.2\bin;C:\Users\Elizabeth\go\bin
USERNAME=Elizabeth
OS=Windows_NT
PROCESSOR_IDENTIFIER=Intel64 Family 6 Model 60 Stepping 3, GenuineIntel



---------------  S Y S T E M  ---------------

OS: Windows 10 , 64 bit Build 19041 (10.0.19041.292)

CPU:total 8 (initial active 8) (4 cores per cpu, 2 threads per core) family 6 model 60 stepping 3, cmov, cx8, fxsr, mmx, sse, sse2, sse3, ssse3, sse4.1, sse4.2, popcnt, avx, avx2, aes, clmul, erms, lzcnt, ht, tsc, tscinvbit, bmi1, bmi2, fma

Memory: 4k page, system-wide physical 12218M (2687M free)
TotalPageFile size 13718M (AvailPageFile size 160M)
current process WorkingSet (physical memory assigned to process): 119M, peak: 156M
current process commit charge ("private bytes"): 189M, peak: 346M

vm_info: Java HotSpot(TM) 64-Bit Server VM (13.0.2+8) for windows-amd64 JRE (13.0.2+8), built on Dec 11 2019 09:20:33 by "mach5one" with unknown MS VC++:1916

END.
