#
# There is insufficient memory for the Java Runtime Environment to continue.
# Native memory allocation (mmap) failed to map 201326592 bytes for Failed to commit area from 0x0000000741000000 to 0x000000074d000000 of length 201326592.
# Possible reasons:
#   The system is out of physical RAM or swap space
#   The process is running with CompressedOops enabled, and the Java Heap may be blocking the growth of the native heap
# Possible solutions:
#   Reduce memory load on the system
#   Increase physical memory or swap space
#   Check if swap backing store is full
#   Decrease Java heap size (-Xmx/-Xms)
#   Decrease number of Java threads
#   Decrease Java thread stack sizes (-Xss)
#   Set larger code cache with -XX:ReservedCodeCacheSize=
# This output file may be truncated or incomplete.
#
#  Out of Memory Error (t:/workspace/open/src/hotspot/os/windows/os_windows.cpp:3301), pid=12956, tid=8216
#
# JRE version:  (13.0.2+8) (build )
# Java VM: Java HotSpot(TM) 64-Bit Server VM (13.0.2+8, mixed mode, aot, sharing, tiered, compressed oops, g1 gc, windows-amd64)
# No core dump will be written. Minidumps are not enabled by default on client versions of Windows
#

---------------  S U M M A R Y ------------

Command Line: -javaagent:C:\Program Files\JetBrains\IntelliJ IDEA Community Edition 201.6487.11\lib\idea_rt.jar=51554:C:\Program Files\JetBrains\IntelliJ IDEA Community Edition 201.6487.11\bin -Dfile.encoding=UTF-8 ires.baylor.edu.logerrors.LogErrorsApplication

Host: Intel(R) Core(TM) i7-4710HQ CPU @ 2.50GHz, 8 cores, 11G,  Windows 10 , 64 bit Build 18362 (10.0.18362.778)
Time: Mon Jun  8 11:28:45 2020 Pacific Daylight Time elapsed time: 0 seconds (0d 0h 0m 0s)

---------------  T H R E A D  ---------------

Current thread (0x0000015dc9d03000):  JavaThread "Unknown thread" [_thread_in_vm, id=8216, stack(0x00000038f7800000,0x00000038f7900000)]

Stack: [0x00000038f7800000,0x00000038f7900000]
Native frames: (J=compiled Java code, j=interpreted, Vv=VM code, C=native code)
V  [jvm.dll+0x624f9a]
V  [jvm.dll+0x770cfa]
V  [jvm.dll+0x7724af]
V  [jvm.dll+0x772ab3]
V  [jvm.dll+0x24bf08]
V  [jvm.dll+0x6222aa]
V  [jvm.dll+0x6170b5]
V  [jvm.dll+0x30a88c]
V  [jvm.dll+0x30a6c2]
V  [jvm.dll+0x30fe36]
V  [jvm.dll+0x353f46]
V  [jvm.dll+0x353720]
V  [jvm.dll+0x2e550a]
V  [jvm.dll+0x2e67a2]
V  [jvm.dll+0x74dd78]
V  [jvm.dll+0x361989]
V  [jvm.dll+0x730e65]
V  [jvm.dll+0x3cc53f]
V  [jvm.dll+0x3ce861]
C  [jli.dll+0x51ff]
C  [ucrtbase.dll+0x20e82]
C  [KERNEL32.DLL+0x17bd4]
C  [ntdll.dll+0x6ce51]


---------------  P R O C E S S  ---------------

Threads class SMR info:
_java_thread_list=0x00007ffc7fb3ccb8, length=0, elements={
}

Java Threads: ( => current thread )

Other Threads:
  0x0000015dc9d5b000 GCTaskThread "GC Thread#0" [stack: 0x00000038f7900000,0x00000038f7a00000] [id=1604]
  0x0000015dc9d74800 ConcurrentGCThread "G1 Main Marker" [stack: 0x00000038f7a00000,0x00000038f7b00000] [id=420]
  0x0000015dc9d76800 ConcurrentGCThread "G1 Conc#0" [stack: 0x00000038f7b00000,0x00000038f7c00000] [id=416]

[error occurred during error reporting (printing all threads), id 0xc0000005, EXCEPTION_ACCESS_VIOLATION (0xc0000005) at pc=0x00007ffc7f3751d7]

VM state:not at safepoint (not fully initialized)

VM Mutex/Monitor currently owned by a thread:  ([mutex/lock_event])
[0x0000015dc9cffbf0] Heap_lock - owner thread: 0x0000015dc9d03000

Heap address: 0x0000000741000000, size: 3056 MB, Compressed Oops mode: Non-zero based: 0x0000000741000000
Narrow klass base: 0x0000000000000000, Narrow klass shift: 0

GC Heap History (0 events):
No events

Deoptimization events (0 events):
No events

Classes unloaded (0 events):
No events

Classes redefined (0 events):
No events

Internal exceptions (0 events):
No events

Events (8 events):
Event: 0.018 Loaded shared library C:\Program Files\Java\jdk-13.0.2\bin\zip.dll
Event: 0.019 Loaded shared library C:\Program Files\Java\jdk-13.0.2\bin\jimage.dll
Event: 0.022 Loading shared library C:\Program Files\Java\jdk-13.0.2\lib\libjava.base-coop.dll failed, error code 126
Event: 0.022 Loading shared library C:\Program Files\Java\jdk-13.0.2\lib\libjava.logging-coop.dll failed, error code 126
Event: 0.022 Loading shared library C:\Program Files\Java\jdk-13.0.2\lib\libjdk.compiler-coop.dll failed, error code 126
Event: 0.022 Loading shared library C:\Program Files\Java\jdk-13.0.2\lib\libjdk.scripting.nashorn-coop.dll failed, error code 126
Event: 0.022 Loading shared library C:\Program Files\Java\jdk-13.0.2\lib\libjdk.internal.vm.ci-coop.dll failed, error code 126
Event: 0.022 Loading shared library C:\Program Files\Java\jdk-13.0.2\lib\libjdk.internal.vm.compiler-coop.dll failed, error code 126


Dynamic libraries:
0x00007ff79b070000 - 0x00007ff79b07f000 	C:\Program Files\Java\jdk-13.0.2\bin\java.exe
0x00007ffccbe00000 - 0x00007ffccbff0000 	C:\Windows\SYSTEM32\ntdll.dll
0x00007ffccb840000 - 0x00007ffccb8f2000 	C:\Windows\System32\KERNEL32.DLL
0x00007ffcc9210000 - 0x00007ffcc94b4000 	C:\Windows\System32\KERNELBASE.dll
0x00007ffcc8f30000 - 0x00007ffcc902a000 	C:\Windows\System32\ucrtbase.dll
0x00007ffcb95b0000 - 0x00007ffcb95c8000 	C:\Program Files\Java\jdk-13.0.2\bin\jli.dll
0x00007ffccb410000 - 0x00007ffccb4b3000 	C:\Windows\System32\ADVAPI32.dll
0x00007ffccbd20000 - 0x00007ffccbdbe000 	C:\Windows\System32\msvcrt.dll
0x00007ffcca4d0000 - 0x00007ffcca567000 	C:\Windows\System32\sechost.dll
0x00007ffccbc00000 - 0x00007ffccbd20000 	C:\Windows\System32\RPCRT4.dll
0x00007ffcca2c0000 - 0x00007ffcca454000 	C:\Windows\System32\USER32.dll
0x00007ffcc9060000 - 0x00007ffcc9081000 	C:\Windows\System32\win32u.dll
0x00007ffccb900000 - 0x00007ffccb926000 	C:\Windows\System32\GDI32.dll
0x00007ffcc8d90000 - 0x00007ffcc8f24000 	C:\Windows\System32\gdi32full.dll
0x00007ffcc9e10000 - 0x00007ffcc9eae000 	C:\Windows\System32\msvcp_win.dll
0x00007ffcb95d0000 - 0x00007ffcb95e5000 	C:\Program Files\Java\jdk-13.0.2\bin\VCRUNTIME140.dll
0x00007ffcbd220000 - 0x00007ffcbd4a4000 	C:\Windows\WinSxS\amd64_microsoft.windows.common-controls_6595b64144ccf1df_6.0.18362.836_none_e6c4b943130f18ed\COMCTL32.dll
0x00007ffcc9f80000 - 0x00007ffcca2b6000 	C:\Windows\System32\combase.dll
0x00007ffcc94c0000 - 0x00007ffcc9540000 	C:\Windows\System32\bcryptPrimitives.dll
0x00007ffcbcc20000 - 0x00007ffcbcc2a000 	C:\Windows\SYSTEM32\VERSION.dll
0x00007ffccacf0000 - 0x00007ffccad1e000 	C:\Windows\System32\IMM32.DLL
0x00007ffcb6160000 - 0x00007ffcb61fb000 	C:\Program Files\Java\jdk-13.0.2\bin\msvcp140.dll
0x00007ffc7f080000 - 0x00007ffc7fbdd000 	C:\Program Files\Java\jdk-13.0.2\bin\server\jvm.dll
0x00007ffccb930000 - 0x00007ffccb938000 	C:\Windows\System32\PSAPI.DLL
0x00007ffcc5300000 - 0x00007ffcc5324000 	C:\Windows\SYSTEM32\WINMM.dll
0x00007ffcc52d0000 - 0x00007ffcc52fd000 	C:\Windows\SYSTEM32\WINMMBASE.dll
0x00007ffcc9090000 - 0x00007ffcc90da000 	C:\Windows\System32\cfgmgr32.dll
0x00007ffcb6080000 - 0x00007ffcb6089000 	C:\Windows\SYSTEM32\WSOCK32.dll
0x00007ffccb7d0000 - 0x00007ffccb83f000 	C:\Windows\System32\WS2_32.dll
0x00007ffcc8d70000 - 0x00007ffcc8d81000 	C:\Windows\System32\kernel.appcore.dll
0x00007ffcc61a0000 - 0x00007ffcc61b0000 	C:\Program Files\Java\jdk-13.0.2\bin\verify.dll
0x00007ffcb7e90000 - 0x00007ffcb8084000 	C:\Windows\SYSTEM32\DBGHELP.DLL
0x00007ffcb7db0000 - 0x00007ffcb7dda000 	C:\Windows\SYSTEM32\dbgcore.DLL
0x00007ffcb6260000 - 0x00007ffcb6286000 	C:\Program Files\Java\jdk-13.0.2\bin\java.dll
0x00007ffcb6250000 - 0x00007ffcb625e000 	C:\Program Files\Java\jdk-13.0.2\bin\instrument.dll
0x00007ffca89e0000 - 0x00007ffca89f7000 	C:\Program Files\Java\jdk-13.0.2\bin\zip.dll
0x00007ffcb8d40000 - 0x00007ffcb8d4a000 	C:\Program Files\Java\jdk-13.0.2\bin\jimage.dll

dbghelp: loaded successfully - version: 4.0.5 - missing functions: none
symbol engine: initialized successfully - sym options: 0x614 - pdb path: .;C:\Program Files\Java\jdk-13.0.2\bin;C:\Windows\SYSTEM32;C:\Windows\WinSxS\amd64_microsoft.windows.common-controls_6595b64144ccf1df_6.0.18362.836_none_e6c4b943130f18ed;C:\Program Files\Java\jdk-13.0.2\bin\server

VM Arguments:
jvm_args: -javaagent:C:\Program Files\JetBrains\IntelliJ IDEA Community Edition 201.6487.11\lib\idea_rt.jar=51554:C:\Program Files\JetBrains\IntelliJ IDEA Community Edition 201.6487.11\bin -Dfile.encoding=UTF-8 
java_command: ires.baylor.edu.logerrors.LogErrorsApplication
java_class_path (initial): C:\Users\Elizabeth\Documents\Elizabeth\Baylor_Summer_2020\Team_C_GIT\log-errors\target\classes;C:\Users\Elizabeth\.m2\repository\org\springframework\boot\spring-boot-starter\2.3.0.RELEASE\spring-boot-starter-2.3.0.RELEASE.jar;C:\Users\Elizabeth\.m2\repository\org\springframework\boot\spring-boot\2.3.0.RELEASE\spring-boot-2.3.0.RELEASE.jar;C:\Users\Elizabeth\.m2\repository\org\springframework\spring-context\5.2.6.RELEASE\spring-context-5.2.6.RELEASE.jar;C:\Users\Elizabeth\.m2\repository\org\springframework\boot\spring-boot-autoconfigure\2.3.0.RELEASE\spring-boot-autoconfigure-2.3.0.RELEASE.jar;C:\Users\Elizabeth\.m2\repository\org\springframework\boot\spring-boot-starter-logging\2.3.0.RELEASE\spring-boot-starter-logging-2.3.0.RELEASE.jar;C:\Users\Elizabeth\.m2\repository\ch\qos\logback\logback-classic\1.2.3\logback-classic-1.2.3.jar;C:\Users\Elizabeth\.m2\repository\ch\qos\logback\logback-core\1.2.3\logback-core-1.2.3.jar;C:\Users\Elizabeth\.m2\repository\org\apache\logging\log4j\log4j-to-slf4j\2.13.2\log4j-to-slf4j-2.13.2.jar;C:\Users\Elizabeth\.m2\repository\org\apache\logging\log4j\log4j-api\2.13.2\log4j-api-2.13.2.jar;C:\Users\Elizabeth\.m2\repository\org\slf4j\jul-to-slf4j\1.7.30\jul-to-slf4j-1.7.30.jar;C:\Users\Elizabeth\.m2\repository\jakarta\annotation\jakarta.annotation-api\1.3.5\jakarta.annotation-api-1.3.5.jar;C:\Users\Elizabeth\.m2\repository\org\springframework\spring-core\5.2.6.RELEASE\spring-core-5.2.6.RELEASE.jar;C:\Users\Elizabeth\.m2\repository\org\springframework\spring-jcl\5.2.6.RELEASE\spring-jcl-5.2.6.RELEASE.jar;C:\Users\Elizabeth\.m2\repository\org\yaml\snakeyaml\1.26\snakeyaml-1.26.jar;C:\Users\Elizabeth\.m2\repository\org\projectlombok\lombok\1.18.12\lombok-1.18.12.jar;C:\Users\Elizabeth\.m2\repository\org\slf4j\slf4j-api\1.7.30\slf4j-api-1.7.30.jar;C:\Users\Elizabeth\.m2\repository\org\springframework\boot\spring-boot-starter-web\2.3.0.RELEASE\spring-boot-starter-web-2.3.0.RELEASE.jar;C:\Users\Elizabeth\.m2\repo
Launcher Type: SUN_STANDARD

[Global flags]
     intx CICompilerCount                          = 4                                         {product} {ergonomic}
     uint ConcGCThreads                            = 2                                         {product} {ergonomic}
     uint G1ConcRefinementThreads                  = 8                                         {product} {ergonomic}
   size_t G1HeapRegionSize                         = 1048576                                   {product} {ergonomic}
    uintx GCDrainStackTargetSize                   = 64                                        {product} {ergonomic}
   size_t InitialHeapSize                          = 201326592                                 {product} {ergonomic}
   size_t MarkStackSize                            = 4194304                                   {product} {ergonomic}
   size_t MaxHeapSize                              = 3204448256                                {product} {ergonomic}
   size_t MinHeapDeltaBytes                        = 1048576                                   {product} {ergonomic}
   size_t MinHeapSize                              = 8388608                                   {product} {ergonomic}
    uintx NonNMethodCodeHeapSize                   = 5839372                                {pd product} {ergonomic}
    uintx NonProfiledCodeHeapSize                  = 122909434                              {pd product} {ergonomic}
    uintx ProfiledCodeHeapSize                     = 122909434                              {pd product} {ergonomic}
    uintx ReservedCodeCacheSize                    = 251658240                              {pd product} {ergonomic}
     bool SegmentedCodeCache                       = true                                      {product} {ergonomic}
   size_t SoftMaxHeapSize                          = 3204448256                             {manageable} {ergonomic}
     bool UseCompressedClassPointers               = true                                 {lp64_product} {ergonomic}
     bool UseCompressedOops                        = true                                 {lp64_product} {ergonomic}
     bool UseG1GC                                  = true                                      {product} {ergonomic}
     bool UseLargePagesIndividualAllocation        = false                                  {pd product} {ergonomic}

Logging:
Log output configuration:
 #0: stdout all=warning uptime,level,tags
 #1: stderr all=off uptime,level,tags

Environment Variables:
JAVA_HOME=C:\Program Files\Java\jdk-13.0.2
PATH=C:\Windows\system32;C:\Windows;C:\Windows\System32\Wbem;C:\Windows\System32\WindowsPowerShell\v1.0\;C:\Windows\System32\OpenSSH\;C:\Program Files\CMake\bin;C:\Program Files\Git\cmd;C:\Program Files (x86)\Vim;C:\MinGW\bin;C:\Program Files\nodejs\;C:\Program Files\MATLAB\R2019b\bin;C:\Program Files\Docker\Docker\resources\bin;C:\ProgramData\DockerDesktop\version-bin;C:\Users\Elizabeth\AppData\Local\Programs\Python\Python38\Scripts\;C:\Users\Elizabeth\AppData\Local\Programs\Python\Python38\;C:\Users\Elizabeth\AppData\Local\Programs\Python\Python38-32\Scripts\;C:\Users\Elizabeth\AppData\Local\Programs\Python\Python38-32\;C:\Users\Elizabeth\AppData\Local\Microsoft\WindowsApps;C:\Program Files\Java\jdk-13.0.2\bin;C:\Program Files\apache-maven-3.6.2\bin;C:\Program Files\JetBrains\PyCharm Community Edition 2019.2.3\bin;;C:\Users\Elizabeth\AppData\Local\Programs\Microsoft VS Code\bin;C:\Users\Elizabeth\AppData\Roaming\npm;C:\Program Files\nodejs\node_modules\npm\bin;C:\Program Files\gradle-6.1\bin;C:\Program Files (x86)\Common Files\Oracle\Java\javapath;C:\Program Files\MySQL\MySQL Server 8.0\bin;;C:\Program Files\JetBrains\IntelliJ IDEA Community Edition 201.6487.11\bin;
USERNAME=Elizabeth
OS=Windows_NT
PROCESSOR_IDENTIFIER=Intel64 Family 6 Model 60 Stepping 3, GenuineIntel



---------------  S Y S T E M  ---------------

OS: Windows 10 , 64 bit Build 18362 (10.0.18362.778)
HyperV virtualization detected

CPU:total 8 (initial active 8) (4 cores per cpu, 2 threads per core) family 6 model 60 stepping 3, cmov, cx8, fxsr, mmx, sse, sse2, sse3, ssse3, sse4.1, sse4.2, popcnt, avx, avx2, aes, clmul, erms, lzcnt, ht, tsc, tscinvbit, bmi1, bmi2, fma

Memory: 4k page, system-wide physical 12218M (1498M free)
TotalPageFile size 12234M (AvailPageFile size 84M)
current process WorkingSet (physical memory assigned to process): 10M, peak: 10M
current process commit charge ("private bytes"): 60M, peak: 252M

vm_info: Java HotSpot(TM) 64-Bit Server VM (13.0.2+8) for windows-amd64 JRE (13.0.2+8), built on Dec 11 2019 09:20:33 by "mach5one" with unknown MS VC++:1916

END.
