#
# There is insufficient memory for the Java Runtime Environment to continue.
# Native memory allocation (malloc) failed to allocate 1123104 bytes for Chunk::new
# Possible reasons:
#   The system is out of physical RAM or swap space
#   The process is running with CompressedOops enabled, and the Java Heap may be blocking the growth of the native heap
# Possible solutions:
#   Reduce memory load on the system
#   Increase physical memory or swap space
#   Check if swap backing store is full
#   Decrease Java heap size (-Xmx/-Xms)
#   Decrease number of Java threads
#   Decrease Java thread stack sizes (-Xss)
#   Set larger code cache with -XX:ReservedCodeCacheSize=
#   JVM is running with Zero Based Compressed Oops mode in which the Java heap is
#     placed in the first 32GB address space. The Java Heap base address is the
#     maximum limit for the native heap growth. Please use -XX:HeapBaseMinAddress
#     to set the Java Heap base and to place the Java Heap above 32GB virtual address.
# This output file may be truncated or incomplete.
#
#  Out of Memory Error (t:/workspace/open/src/hotspot/share/memory/arena.cpp:196), pid=9932, tid=5876
#
# JRE version: Java(TM) SE Runtime Environment (13.0.2+8) (build 13.0.2+8)
# Java VM: Java HotSpot(TM) 64-Bit Server VM (13.0.2+8, mixed mode, sharing, tiered, compressed oops, g1 gc, windows-amd64)
# No core dump will be written. Minidumps are not enabled by default on client versions of Windows
#

---------------  S U M M A R Y ------------

Command Line: -javaagent:C:\Program Files\JetBrains\IntelliJ IDEA Community Edition 2020.1.2\lib\idea_rt.jar=54806:C:\Program Files\JetBrains\IntelliJ IDEA Community Edition 2020.1.2\bin -Dfile.encoding=UTF-8 ires.baylor.edu.logerrors.LogErrorsApplication

Host: Intel(R) Core(TM) i7-4710HQ CPU @ 2.50GHz, 8 cores, 11G,  Windows 10 , 64 bit Build 19041 (10.0.19041.292)
Time: Thu Jul  2 12:47:53 2020 Pacific Daylight Time elapsed time: 2 seconds (0d 0h 0m 2s)

---------------  T H R E A D  ---------------

Current thread (0x0000020ae46b6800):  JavaThread "C2 CompilerThread2" daemon [_thread_in_native, id=5876, stack(0x000000aa2ca00000,0x000000aa2cb00000)]


Current CompileTask:
C2:   2183 2504       4       org.springframework.beans.factory.support.AbstractBeanFactory::isTypeMatch (607 bytes)

Stack: [0x000000aa2ca00000,0x000000aa2cb00000]
Native frames: (J=compiled Java code, j=interpreted, Vv=VM code, C=native code)
V  [jvm.dll+0x624f9a]
V  [jvm.dll+0x770cfa]
V  [jvm.dll+0x7724af]
V  [jvm.dll+0x772ab3]
V  [jvm.dll+0x24bf08]
V  [jvm.dll+0xc1e47]
V  [jvm.dll+0xc23cc]
V  [jvm.dll+0x35c0c5]
V  [jvm.dll+0x327803]
V  [jvm.dll+0x326bda]
V  [jvm.dll+0x205c27]
V  [jvm.dll+0x204e3f]
V  [jvm.dll+0x189c2c]
V  [jvm.dll+0x213e6d]
V  [jvm.dll+0x2120bb]
V  [jvm.dll+0x736bb6]
V  [jvm.dll+0x72fcaa]
V  [jvm.dll+0x623ea6]
C  [ucrtbase.dll+0x21542]
C  [KERNEL32.DLL+0x16fd4]
C  [ntdll.dll+0x4cec1]


---------------  P R O C E S S  ---------------

Threads class SMR info:
_java_thread_list=0x0000020ae3fb8260, length=13, elements={
0x0000020ac1284800, 0x0000020ae30a6800, 0x0000020ae289e000, 0x0000020ae30bc800,
0x0000020ae30bd800, 0x0000020ae30bf800, 0x0000020ae30c4000, 0x0000020ae30cd800,
0x0000020ae2886000, 0x0000020ae31fd800, 0x0000020ae3499800, 0x0000020ae3443800,
0x0000020ae46b6800
}

Java Threads: ( => current thread )
  0x0000020ac1284800 JavaThread "main" [_thread_in_vm, id=2232, stack(0x000000aa2b700000,0x000000aa2b800000)]
  0x0000020ae30a6800 JavaThread "Reference Handler" daemon [_thread_blocked, id=14360, stack(0x000000aa2be00000,0x000000aa2bf00000)]
  0x0000020ae289e000 JavaThread "Finalizer" daemon [_thread_blocked, id=9452, stack(0x000000aa2bf00000,0x000000aa2c000000)]
  0x0000020ae30bc800 JavaThread "Signal Dispatcher" daemon [_thread_blocked, id=12136, stack(0x000000aa2c000000,0x000000aa2c100000)]
  0x0000020ae30bd800 JavaThread "Attach Listener" daemon [_thread_blocked, id=10288, stack(0x000000aa2c100000,0x000000aa2c200000)]
  0x0000020ae30bf800 JavaThread "C2 CompilerThread0" daemon [_thread_blocked, id=2440, stack(0x000000aa2c200000,0x000000aa2c300000)]
  0x0000020ae30c4000 JavaThread "C1 CompilerThread0" daemon [_thread_in_native, id=10692, stack(0x000000aa2c300000,0x000000aa2c400000)]
  0x0000020ae30cd800 JavaThread "Sweeper thread" daemon [_thread_blocked, id=8536, stack(0x000000aa2c400000,0x000000aa2c500000)]
  0x0000020ae2886000 JavaThread "Common-Cleaner" daemon [_thread_blocked, id=14620, stack(0x000000aa2c500000,0x000000aa2c600000)]
  0x0000020ae31fd800 JavaThread "C2 CompilerThread1" daemon [_thread_in_native, id=12928, stack(0x000000aa2c600000,0x000000aa2c700000)]
  0x0000020ae3499800 JavaThread "Monitor Ctrl-Break" daemon [_thread_in_native, id=11720, stack(0x000000aa2c700000,0x000000aa2c800000)]
  0x0000020ae3443800 JavaThread "Service Thread" daemon [_thread_blocked, id=13928, stack(0x000000aa2c800000,0x000000aa2c900000)]
=>0x0000020ae46b6800 JavaThread "C2 CompilerThread2" daemon [_thread_in_native, id=5876, stack(0x000000aa2ca00000,0x000000aa2cb00000)]

Other Threads:
  0x0000020ae289d000 VMThread "VM Thread" [stack: 0x000000aa2bd00000,0x000000aa2be00000] [id=13508]
  0x0000020ae3446800 WatcherThread [stack: 0x000000aa2c900000,0x000000aa2ca00000] [id=11880]
  0x0000020ac12dc000 GCTaskThread "GC Thread#0" [stack: 0x000000aa2b800000,0x000000aa2b900000] [id=13984]
  0x0000020ae3cad800 GCTaskThread "GC Thread#1" [stack: 0x000000aa2cb00000,0x000000aa2cc00000] [id=14192]
  0x0000020ae3cdb000 GCTaskThread "GC Thread#2" [stack: 0x000000aa2cc00000,0x000000aa2cd00000] [id=11932]
  0x0000020ae3cdc000 GCTaskThread "GC Thread#3" [stack: 0x000000aa2cd00000,0x000000aa2ce00000] [id=14440]
  0x0000020ac12f7800 ConcurrentGCThread "G1 Main Marker" [stack: 0x000000aa2b900000,0x000000aa2ba00000] [id=13544]
  0x0000020ac12fa000 ConcurrentGCThread "G1 Conc#0" [stack: 0x000000aa2ba00000,0x000000aa2bb00000] [id=9176]
  0x0000020ae2717800 ConcurrentGCThread "G1 Refine#0" [stack: 0x000000aa2bb00000,0x000000aa2bc00000] [id=824]
  0x0000020ae3440800 ConcurrentGCThread "G1 Refine#1" [stack: 0x000000aa2ce00000,0x000000aa2cf00000] [id=14628]
  0x0000020ae2718000 ConcurrentGCThread "G1 Young RemSet Sampling" [stack: 0x000000aa2bc00000,0x000000aa2bd00000] [id=15120]

Threads with active compile tasks:
C1 CompilerThread0     2224 2585       3       java.lang.invoke.InvokerBytecodeGenerator::emitStaticInvoke (258 bytes)
C2 CompilerThread1     2224 2475   !   4       jdk.internal.loader.BuiltinClassLoader::loadClassOrNull (143 bytes)
C2 CompilerThread2     2224 2504       4       org.springframework.beans.factory.support.AbstractBeanFactory::isTypeMatch (607 bytes)

VM state:not at safepoint (normal execution)

VM Mutex/Monitor currently owned by a thread:  ([mutex/lock_event])
[0x0000020ac1280d40] Compile_lock - owner thread: 0x0000020ae30c4000

Heap address: 0x0000000741000000, size: 3056 MB, Compressed Oops mode: Zero based, Oop shift amount: 3
Narrow klass base: 0x0000000800000000, Narrow klass shift: 3
Compressed class space size: 1073741824 Address: 0x0000000800b40000

Heap:
 garbage-first heap   total 196608K, used 29658K [0x0000000741000000, 0x0000000800000000)
  region size 1024K, 25 young (25600K), 3 survivors (3072K)
 Metaspace       used 19628K, capacity 20283K, committed 20352K, reserved 1067008K
  class space    used 2391K, capacity 2629K, committed 2688K, reserved 1048576K
Heap Regions: E=young(eden), S=young(survivor), O=old, HS=humongous(starts), HC=humongous(continues), CS=collection set, F=free, A=archive, TAMS=top-at-mark-start (previous, next)
|   0|0x0000000741000000, 0x0000000741100000, 0x0000000741100000|100%| O|  |TAMS 0x0000000741000000, 0x0000000741000000| Untracked 
|   1|0x0000000741100000, 0x0000000741200000, 0x0000000741200000|100%| O|  |TAMS 0x0000000741100000, 0x0000000741100000| Untracked 
|   2|0x0000000741200000, 0x0000000741300000, 0x0000000741300000|100%| O|  |TAMS 0x0000000741200000, 0x0000000741200000| Untracked 
|   3|0x0000000741300000, 0x0000000741400000, 0x0000000741400000|100%| O|  |TAMS 0x0000000741300000, 0x0000000741300000| Untracked 
|   4|0x0000000741400000, 0x0000000741500000, 0x0000000741500000|100%| O|  |TAMS 0x0000000741400000, 0x0000000741400000| Untracked 
|   5|0x0000000741500000, 0x000000074152ec00, 0x0000000741600000| 18%| O|  |TAMS 0x0000000741500000, 0x0000000741500000| Untracked 
|   6|0x0000000741600000, 0x0000000741600000, 0x0000000741700000|  0%| F|  |TAMS 0x0000000741600000, 0x0000000741600000| Untracked 
|   7|0x0000000741700000, 0x0000000741700000, 0x0000000741800000|  0%| F|  |TAMS 0x0000000741700000, 0x0000000741700000| Untracked 
|   8|0x0000000741800000, 0x0000000741800000, 0x0000000741900000|  0%| F|  |TAMS 0x0000000741800000, 0x0000000741800000| Untracked 
|   9|0x0000000741900000, 0x0000000741900000, 0x0000000741a00000|  0%| F|  |TAMS 0x0000000741900000, 0x0000000741900000| Untracked 
|  10|0x0000000741a00000, 0x0000000741a00000, 0x0000000741b00000|  0%| F|  |TAMS 0x0000000741a00000, 0x0000000741a00000| Untracked 
|  11|0x0000000741b00000, 0x0000000741b00000, 0x0000000741c00000|  0%| F|  |TAMS 0x0000000741b00000, 0x0000000741b00000| Untracked 
|  12|0x0000000741c00000, 0x0000000741c00000, 0x0000000741d00000|  0%| F|  |TAMS 0x0000000741c00000, 0x0000000741c00000| Untracked 
|  13|0x0000000741d00000, 0x0000000741d00000, 0x0000000741e00000|  0%| F|  |TAMS 0x0000000741d00000, 0x0000000741d00000| Untracked 
|  14|0x0000000741e00000, 0x0000000741e00000, 0x0000000741f00000|  0%| F|  |TAMS 0x0000000741e00000, 0x0000000741e00000| Untracked 
|  15|0x0000000741f00000, 0x0000000741f00000, 0x0000000742000000|  0%| F|  |TAMS 0x0000000741f00000, 0x0000000741f00000| Untracked 
|  16|0x0000000742000000, 0x0000000742000000, 0x0000000742100000|  0%| F|  |TAMS 0x0000000742000000, 0x0000000742000000| Untracked 
|  17|0x0000000742100000, 0x0000000742100000, 0x0000000742200000|  0%| F|  |TAMS 0x0000000742100000, 0x0000000742100000| Untracked 
|  18|0x0000000742200000, 0x0000000742200000, 0x0000000742300000|  0%| F|  |TAMS 0x0000000742200000, 0x0000000742200000| Untracked 
|  19|0x0000000742300000, 0x0000000742300000, 0x0000000742400000|  0%| F|  |TAMS 0x0000000742300000, 0x0000000742300000| Untracked 
|  20|0x0000000742400000, 0x0000000742400000, 0x0000000742500000|  0%| F|  |TAMS 0x0000000742400000, 0x0000000742400000| Untracked 
|  21|0x0000000742500000, 0x0000000742500000, 0x0000000742600000|  0%| F|  |TAMS 0x0000000742500000, 0x0000000742500000| Untracked 
|  22|0x0000000742600000, 0x0000000742600000, 0x0000000742700000|  0%| F|  |TAMS 0x0000000742600000, 0x0000000742600000| Untracked 
|  23|0x0000000742700000, 0x0000000742700000, 0x0000000742800000|  0%| F|  |TAMS 0x0000000742700000, 0x0000000742700000| Untracked 
|  24|0x0000000742800000, 0x0000000742800000, 0x0000000742900000|  0%| F|  |TAMS 0x0000000742800000, 0x0000000742800000| Untracked 
|  25|0x0000000742900000, 0x0000000742900000, 0x0000000742a00000|  0%| F|  |TAMS 0x0000000742900000, 0x0000000742900000| Untracked 
|  26|0x0000000742a00000, 0x0000000742a00000, 0x0000000742b00000|  0%| F|  |TAMS 0x0000000742a00000, 0x0000000742a00000| Untracked 
|  27|0x0000000742b00000, 0x0000000742b00000, 0x0000000742c00000|  0%| F|  |TAMS 0x0000000742b00000, 0x0000000742b00000| Untracked 
|  28|0x0000000742c00000, 0x0000000742c00000, 0x0000000742d00000|  0%| F|  |TAMS 0x0000000742c00000, 0x0000000742c00000| Untracked 
|  29|0x0000000742d00000, 0x0000000742d00000, 0x0000000742e00000|  0%| F|  |TAMS 0x0000000742d00000, 0x0000000742d00000| Untracked 
|  30|0x0000000742e00000, 0x0000000742e00000, 0x0000000742f00000|  0%| F|  |TAMS 0x0000000742e00000, 0x0000000742e00000| Untracked 
|  31|0x0000000742f00000, 0x0000000742f00000, 0x0000000743000000|  0%| F|  |TAMS 0x0000000742f00000, 0x0000000742f00000| Untracked 
|  32|0x0000000743000000, 0x0000000743000000, 0x0000000743100000|  0%| F|  |TAMS 0x0000000743000000, 0x0000000743000000| Untracked 
|  33|0x0000000743100000, 0x0000000743100000, 0x0000000743200000|  0%| F|  |TAMS 0x0000000743100000, 0x0000000743100000| Untracked 
|  34|0x0000000743200000, 0x0000000743200000, 0x0000000743300000|  0%| F|  |TAMS 0x0000000743200000, 0x0000000743200000| Untracked 
|  35|0x0000000743300000, 0x0000000743300000, 0x0000000743400000|  0%| F|  |TAMS 0x0000000743300000, 0x0000000743300000| Untracked 
|  36|0x0000000743400000, 0x0000000743400000, 0x0000000743500000|  0%| F|  |TAMS 0x0000000743400000, 0x0000000743400000| Untracked 
|  37|0x0000000743500000, 0x0000000743500000, 0x0000000743600000|  0%| F|  |TAMS 0x0000000743500000, 0x0000000743500000| Untracked 
|  38|0x0000000743600000, 0x0000000743600000, 0x0000000743700000|  0%| F|  |TAMS 0x0000000743600000, 0x0000000743600000| Untracked 
|  39|0x0000000743700000, 0x0000000743700000, 0x0000000743800000|  0%| F|  |TAMS 0x0000000743700000, 0x0000000743700000| Untracked 
|  40|0x0000000743800000, 0x0000000743800000, 0x0000000743900000|  0%| F|  |TAMS 0x0000000743800000, 0x0000000743800000| Untracked 
|  41|0x0000000743900000, 0x0000000743900000, 0x0000000743a00000|  0%| F|  |TAMS 0x0000000743900000, 0x0000000743900000| Untracked 
|  42|0x0000000743a00000, 0x0000000743a00000, 0x0000000743b00000|  0%| F|  |TAMS 0x0000000743a00000, 0x0000000743a00000| Untracked 
|  43|0x0000000743b00000, 0x0000000743b00000, 0x0000000743c00000|  0%| F|  |TAMS 0x0000000743b00000, 0x0000000743b00000| Untracked 
|  44|0x0000000743c00000, 0x0000000743c00000, 0x0000000743d00000|  0%| F|  |TAMS 0x0000000743c00000, 0x0000000743c00000| Untracked 
|  45|0x0000000743d00000, 0x0000000743d00000, 0x0000000743e00000|  0%| F|  |TAMS 0x0000000743d00000, 0x0000000743d00000| Untracked 
|  46|0x0000000743e00000, 0x0000000743e00000, 0x0000000743f00000|  0%| F|  |TAMS 0x0000000743e00000, 0x0000000743e00000| Untracked 
|  47|0x0000000743f00000, 0x0000000743f00000, 0x0000000744000000|  0%| F|  |TAMS 0x0000000743f00000, 0x0000000743f00000| Untracked 
|  48|0x0000000744000000, 0x0000000744000000, 0x0000000744100000|  0%| F|  |TAMS 0x0000000744000000, 0x0000000744000000| Untracked 
|  49|0x0000000744100000, 0x0000000744100000, 0x0000000744200000|  0%| F|  |TAMS 0x0000000744100000, 0x0000000744100000| Untracked 
|  50|0x0000000744200000, 0x0000000744200000, 0x0000000744300000|  0%| F|  |TAMS 0x0000000744200000, 0x0000000744200000| Untracked 
|  51|0x0000000744300000, 0x0000000744300000, 0x0000000744400000|  0%| F|  |TAMS 0x0000000744300000, 0x0000000744300000| Untracked 
|  52|0x0000000744400000, 0x0000000744400000, 0x0000000744500000|  0%| F|  |TAMS 0x0000000744400000, 0x0000000744400000| Untracked 
|  53|0x0000000744500000, 0x0000000744500000, 0x0000000744600000|  0%| F|  |TAMS 0x0000000744500000, 0x0000000744500000| Untracked 
|  54|0x0000000744600000, 0x0000000744600000, 0x0000000744700000|  0%| F|  |TAMS 0x0000000744600000, 0x0000000744600000| Untracked 
|  55|0x0000000744700000, 0x0000000744700000, 0x0000000744800000|  0%| F|  |TAMS 0x0000000744700000, 0x0000000744700000| Untracked 
|  56|0x0000000744800000, 0x0000000744800000, 0x0000000744900000|  0%| F|  |TAMS 0x0000000744800000, 0x0000000744800000| Untracked 
|  57|0x0000000744900000, 0x0000000744900000, 0x0000000744a00000|  0%| F|  |TAMS 0x0000000744900000, 0x0000000744900000| Untracked 
|  58|0x0000000744a00000, 0x0000000744a00000, 0x0000000744b00000|  0%| F|  |TAMS 0x0000000744a00000, 0x0000000744a00000| Untracked 
|  59|0x0000000744b00000, 0x0000000744b00000, 0x0000000744c00000|  0%| F|  |TAMS 0x0000000744b00000, 0x0000000744b00000| Untracked 
|  60|0x0000000744c00000, 0x0000000744c00000, 0x0000000744d00000|  0%| F|  |TAMS 0x0000000744c00000, 0x0000000744c00000| Untracked 
|  61|0x0000000744d00000, 0x0000000744d00000, 0x0000000744e00000|  0%| F|  |TAMS 0x0000000744d00000, 0x0000000744d00000| Untracked 
|  62|0x0000000744e00000, 0x0000000744e00000, 0x0000000744f00000|  0%| F|  |TAMS 0x0000000744e00000, 0x0000000744e00000| Untracked 
|  63|0x0000000744f00000, 0x0000000744f00000, 0x0000000745000000|  0%| F|  |TAMS 0x0000000744f00000, 0x0000000744f00000| Untracked 
|  64|0x0000000745000000, 0x0000000745000000, 0x0000000745100000|  0%| F|  |TAMS 0x0000000745000000, 0x0000000745000000| Untracked 
|  65|0x0000000745100000, 0x0000000745100000, 0x0000000745200000|  0%| F|  |TAMS 0x0000000745100000, 0x0000000745100000| Untracked 
|  66|0x0000000745200000, 0x0000000745200000, 0x0000000745300000|  0%| F|  |TAMS 0x0000000745200000, 0x0000000745200000| Untracked 
|  67|0x0000000745300000, 0x0000000745300000, 0x0000000745400000|  0%| F|  |TAMS 0x0000000745300000, 0x0000000745300000| Untracked 
|  68|0x0000000745400000, 0x0000000745400000, 0x0000000745500000|  0%| F|  |TAMS 0x0000000745400000, 0x0000000745400000| Untracked 
|  69|0x0000000745500000, 0x0000000745500000, 0x0000000745600000|  0%| F|  |TAMS 0x0000000745500000, 0x0000000745500000| Untracked 
|  70|0x0000000745600000, 0x0000000745600000, 0x0000000745700000|  0%| F|  |TAMS 0x0000000745600000, 0x0000000745600000| Untracked 
|  71|0x0000000745700000, 0x0000000745700000, 0x0000000745800000|  0%| F|  |TAMS 0x0000000745700000, 0x0000000745700000| Untracked 
|  72|0x0000000745800000, 0x0000000745800000, 0x0000000745900000|  0%| F|  |TAMS 0x0000000745800000, 0x0000000745800000| Untracked 
|  73|0x0000000745900000, 0x0000000745900000, 0x0000000745a00000|  0%| F|  |TAMS 0x0000000745900000, 0x0000000745900000| Untracked 
|  74|0x0000000745a00000, 0x0000000745a00000, 0x0000000745b00000|  0%| F|  |TAMS 0x0000000745a00000, 0x0000000745a00000| Untracked 
|  75|0x0000000745b00000, 0x0000000745b00000, 0x0000000745c00000|  0%| F|  |TAMS 0x0000000745b00000, 0x0000000745b00000| Untracked 
|  76|0x0000000745c00000, 0x0000000745c00000, 0x0000000745d00000|  0%| F|  |TAMS 0x0000000745c00000, 0x0000000745c00000| Untracked 
|  77|0x0000000745d00000, 0x0000000745d00000, 0x0000000745e00000|  0%| F|  |TAMS 0x0000000745d00000, 0x0000000745d00000| Untracked 
|  78|0x0000000745e00000, 0x0000000745e00000, 0x0000000745f00000|  0%| F|  |TAMS 0x0000000745e00000, 0x0000000745e00000| Untracked 
|  79|0x0000000745f00000, 0x0000000745f00000, 0x0000000746000000|  0%| F|  |TAMS 0x0000000745f00000, 0x0000000745f00000| Untracked 
|  80|0x0000000746000000, 0x0000000746000000, 0x0000000746100000|  0%| F|  |TAMS 0x0000000746000000, 0x0000000746000000| Untracked 
|  81|0x0000000746100000, 0x0000000746100000, 0x0000000746200000|  0%| F|  |TAMS 0x0000000746100000, 0x0000000746100000| Untracked 
|  82|0x0000000746200000, 0x0000000746200000, 0x0000000746300000|  0%| F|  |TAMS 0x0000000746200000, 0x0000000746200000| Untracked 
|  83|0x0000000746300000, 0x0000000746300000, 0x0000000746400000|  0%| F|  |TAMS 0x0000000746300000, 0x0000000746300000| Untracked 
|  84|0x0000000746400000, 0x0000000746400000, 0x0000000746500000|  0%| F|  |TAMS 0x0000000746400000, 0x0000000746400000| Untracked 
|  85|0x0000000746500000, 0x0000000746500000, 0x0000000746600000|  0%| F|  |TAMS 0x0000000746500000, 0x0000000746500000| Untracked 
|  86|0x0000000746600000, 0x0000000746600000, 0x0000000746700000|  0%| F|  |TAMS 0x0000000746600000, 0x0000000746600000| Untracked 
|  87|0x0000000746700000, 0x0000000746700000, 0x0000000746800000|  0%| F|  |TAMS 0x0000000746700000, 0x0000000746700000| Untracked 
|  88|0x0000000746800000, 0x0000000746800000, 0x0000000746900000|  0%| F|  |TAMS 0x0000000746800000, 0x0000000746800000| Untracked 
|  89|0x0000000746900000, 0x0000000746900000, 0x0000000746a00000|  0%| F|  |TAMS 0x0000000746900000, 0x0000000746900000| Untracked 
|  90|0x0000000746a00000, 0x0000000746a00000, 0x0000000746b00000|  0%| F|  |TAMS 0x0000000746a00000, 0x0000000746a00000| Untracked 
|  91|0x0000000746b00000, 0x0000000746b00000, 0x0000000746c00000|  0%| F|  |TAMS 0x0000000746b00000, 0x0000000746b00000| Untracked 
|  92|0x0000000746c00000, 0x0000000746c00000, 0x0000000746d00000|  0%| F|  |TAMS 0x0000000746c00000, 0x0000000746c00000| Untracked 
|  93|0x0000000746d00000, 0x0000000746d00000, 0x0000000746e00000|  0%| F|  |TAMS 0x0000000746d00000, 0x0000000746d00000| Untracked 
|  94|0x0000000746e00000, 0x0000000746e00000, 0x0000000746f00000|  0%| F|  |TAMS 0x0000000746e00000, 0x0000000746e00000| Untracked 
|  95|0x0000000746f00000, 0x0000000746f00000, 0x0000000747000000|  0%| F|  |TAMS 0x0000000746f00000, 0x0000000746f00000| Untracked 
|  96|0x0000000747000000, 0x0000000747000000, 0x0000000747100000|  0%| F|  |TAMS 0x0000000747000000, 0x0000000747000000| Untracked 
|  97|0x0000000747100000, 0x0000000747100000, 0x0000000747200000|  0%| F|  |TAMS 0x0000000747100000, 0x0000000747100000| Untracked 
|  98|0x0000000747200000, 0x0000000747200000, 0x0000000747300000|  0%| F|  |TAMS 0x0000000747200000, 0x0000000747200000| Untracked 
|  99|0x0000000747300000, 0x0000000747300000, 0x0000000747400000|  0%| F|  |TAMS 0x0000000747300000, 0x0000000747300000| Untracked 
| 100|0x0000000747400000, 0x0000000747400000, 0x0000000747500000|  0%| F|  |TAMS 0x0000000747400000, 0x0000000747400000| Untracked 
| 101|0x0000000747500000, 0x0000000747500000, 0x0000000747600000|  0%| F|  |TAMS 0x0000000747500000, 0x0000000747500000| Untracked 
| 102|0x0000000747600000, 0x0000000747600000, 0x0000000747700000|  0%| F|  |TAMS 0x0000000747600000, 0x0000000747600000| Untracked 
| 103|0x0000000747700000, 0x0000000747700000, 0x0000000747800000|  0%| F|  |TAMS 0x0000000747700000, 0x0000000747700000| Untracked 
| 104|0x0000000747800000, 0x0000000747800000, 0x0000000747900000|  0%| F|  |TAMS 0x0000000747800000, 0x0000000747800000| Untracked 
| 105|0x0000000747900000, 0x0000000747900000, 0x0000000747a00000|  0%| F|  |TAMS 0x0000000747900000, 0x0000000747900000| Untracked 
| 106|0x0000000747a00000, 0x0000000747a00000, 0x0000000747b00000|  0%| F|  |TAMS 0x0000000747a00000, 0x0000000747a00000| Untracked 
| 107|0x0000000747b00000, 0x0000000747b00000, 0x0000000747c00000|  0%| F|  |TAMS 0x0000000747b00000, 0x0000000747b00000| Untracked 
| 108|0x0000000747c00000, 0x0000000747c00000, 0x0000000747d00000|  0%| F|  |TAMS 0x0000000747c00000, 0x0000000747c00000| Untracked 
| 109|0x0000000747d00000, 0x0000000747d00000, 0x0000000747e00000|  0%| F|  |TAMS 0x0000000747d00000, 0x0000000747d00000| Untracked 
| 110|0x0000000747e00000, 0x0000000747e00000, 0x0000000747f00000|  0%| F|  |TAMS 0x0000000747e00000, 0x0000000747e00000| Untracked 
| 111|0x0000000747f00000, 0x0000000747f00000, 0x0000000748000000|  0%| F|  |TAMS 0x0000000747f00000, 0x0000000747f00000| Untracked 
| 112|0x0000000748000000, 0x0000000748000000, 0x0000000748100000|  0%| F|  |TAMS 0x0000000748000000, 0x0000000748000000| Untracked 
| 113|0x0000000748100000, 0x0000000748100000, 0x0000000748200000|  0%| F|  |TAMS 0x0000000748100000, 0x0000000748100000| Untracked 
| 114|0x0000000748200000, 0x0000000748200000, 0x0000000748300000|  0%| F|  |TAMS 0x0000000748200000, 0x0000000748200000| Untracked 
| 115|0x0000000748300000, 0x0000000748300000, 0x0000000748400000|  0%| F|  |TAMS 0x0000000748300000, 0x0000000748300000| Untracked 
| 116|0x0000000748400000, 0x0000000748400000, 0x0000000748500000|  0%| F|  |TAMS 0x0000000748400000, 0x0000000748400000| Untracked 
| 117|0x0000000748500000, 0x0000000748500000, 0x0000000748600000|  0%| F|  |TAMS 0x0000000748500000, 0x0000000748500000| Untracked 
| 118|0x0000000748600000, 0x0000000748600000, 0x0000000748700000|  0%| F|  |TAMS 0x0000000748600000, 0x0000000748600000| Untracked 
| 119|0x0000000748700000, 0x0000000748700000, 0x0000000748800000|  0%| F|  |TAMS 0x0000000748700000, 0x0000000748700000| Untracked 
| 120|0x0000000748800000, 0x0000000748800000, 0x0000000748900000|  0%| F|  |TAMS 0x0000000748800000, 0x0000000748800000| Untracked 
| 121|0x0000000748900000, 0x0000000748900000, 0x0000000748a00000|  0%| F|  |TAMS 0x0000000748900000, 0x0000000748900000| Untracked 
| 122|0x0000000748a00000, 0x0000000748a00000, 0x0000000748b00000|  0%| F|  |TAMS 0x0000000748a00000, 0x0000000748a00000| Untracked 
| 123|0x0000000748b00000, 0x0000000748b00000, 0x0000000748c00000|  0%| F|  |TAMS 0x0000000748b00000, 0x0000000748b00000| Untracked 
| 124|0x0000000748c00000, 0x0000000748c00000, 0x0000000748d00000|  0%| F|  |TAMS 0x0000000748c00000, 0x0000000748c00000| Untracked 
| 125|0x0000000748d00000, 0x0000000748d00000, 0x0000000748e00000|  0%| F|  |TAMS 0x0000000748d00000, 0x0000000748d00000| Untracked 
| 126|0x0000000748e00000, 0x0000000748e00000, 0x0000000748f00000|  0%| F|  |TAMS 0x0000000748e00000, 0x0000000748e00000| Untracked 
| 127|0x0000000748f00000, 0x0000000748f00000, 0x0000000749000000|  0%| F|  |TAMS 0x0000000748f00000, 0x0000000748f00000| Untracked 
| 128|0x0000000749000000, 0x0000000749000000, 0x0000000749100000|  0%| F|  |TAMS 0x0000000749000000, 0x0000000749000000| Untracked 
| 129|0x0000000749100000, 0x0000000749100000, 0x0000000749200000|  0%| F|  |TAMS 0x0000000749100000, 0x0000000749100000| Untracked 
| 130|0x0000000749200000, 0x0000000749200000, 0x0000000749300000|  0%| F|  |TAMS 0x0000000749200000, 0x0000000749200000| Untracked 
| 131|0x0000000749300000, 0x0000000749300000, 0x0000000749400000|  0%| F|  |TAMS 0x0000000749300000, 0x0000000749300000| Untracked 
| 132|0x0000000749400000, 0x0000000749400000, 0x0000000749500000|  0%| F|  |TAMS 0x0000000749400000, 0x0000000749400000| Untracked 
| 133|0x0000000749500000, 0x0000000749500000, 0x0000000749600000|  0%| F|  |TAMS 0x0000000749500000, 0x0000000749500000| Untracked 
| 134|0x0000000749600000, 0x0000000749600000, 0x0000000749700000|  0%| F|  |TAMS 0x0000000749600000, 0x0000000749600000| Untracked 
| 135|0x0000000749700000, 0x0000000749700000, 0x0000000749800000|  0%| F|  |TAMS 0x0000000749700000, 0x0000000749700000| Untracked 
| 136|0x0000000749800000, 0x0000000749800000, 0x0000000749900000|  0%| F|  |TAMS 0x0000000749800000, 0x0000000749800000| Untracked 
| 137|0x0000000749900000, 0x0000000749900000, 0x0000000749a00000|  0%| F|  |TAMS 0x0000000749900000, 0x0000000749900000| Untracked 
| 138|0x0000000749a00000, 0x0000000749a00000, 0x0000000749b00000|  0%| F|  |TAMS 0x0000000749a00000, 0x0000000749a00000| Untracked 
| 139|0x0000000749b00000, 0x0000000749b00000, 0x0000000749c00000|  0%| F|  |TAMS 0x0000000749b00000, 0x0000000749b00000| Untracked 
| 140|0x0000000749c00000, 0x0000000749c00000, 0x0000000749d00000|  0%| F|  |TAMS 0x0000000749c00000, 0x0000000749c00000| Untracked 
| 141|0x0000000749d00000, 0x0000000749d00000, 0x0000000749e00000|  0%| F|  |TAMS 0x0000000749d00000, 0x0000000749d00000| Untracked 
| 142|0x0000000749e00000, 0x0000000749ec7d10, 0x0000000749f00000| 78%| S|CS|TAMS 0x0000000749e00000, 0x0000000749e00000| Complete 
| 143|0x0000000749f00000, 0x000000074a000000, 0x000000074a000000|100%| S|CS|TAMS 0x0000000749f00000, 0x0000000749f00000| Complete 
| 144|0x000000074a000000, 0x000000074a100000, 0x000000074a100000|100%| S|CS|TAMS 0x000000074a000000, 0x000000074a000000| Complete 
| 145|0x000000074a100000, 0x000000074a100000, 0x000000074a200000|  0%| F|  |TAMS 0x000000074a100000, 0x000000074a100000| Untracked 
| 146|0x000000074a200000, 0x000000074a200000, 0x000000074a300000|  0%| F|  |TAMS 0x000000074a200000, 0x000000074a200000| Untracked 
| 147|0x000000074a300000, 0x000000074a300000, 0x000000074a400000|  0%| F|  |TAMS 0x000000074a300000, 0x000000074a300000| Untracked 
| 148|0x000000074a400000, 0x000000074a400000, 0x000000074a500000|  0%| F|  |TAMS 0x000000074a400000, 0x000000074a400000| Untracked 
| 149|0x000000074a500000, 0x000000074a500000, 0x000000074a600000|  0%| F|  |TAMS 0x000000074a500000, 0x000000074a500000| Untracked 
| 150|0x000000074a600000, 0x000000074a600000, 0x000000074a700000|  0%| F|  |TAMS 0x000000074a600000, 0x000000074a600000| Untracked 
| 151|0x000000074a700000, 0x000000074a700000, 0x000000074a800000|  0%| F|  |TAMS 0x000000074a700000, 0x000000074a700000| Untracked 
| 152|0x000000074a800000, 0x000000074a800000, 0x000000074a900000|  0%| F|  |TAMS 0x000000074a800000, 0x000000074a800000| Untracked 
| 153|0x000000074a900000, 0x000000074a900000, 0x000000074aa00000|  0%| F|  |TAMS 0x000000074a900000, 0x000000074a900000| Untracked 
| 154|0x000000074aa00000, 0x000000074aa00000, 0x000000074ab00000|  0%| F|  |TAMS 0x000000074aa00000, 0x000000074aa00000| Untracked 
| 155|0x000000074ab00000, 0x000000074ab00000, 0x000000074ac00000|  0%| F|  |TAMS 0x000000074ab00000, 0x000000074ab00000| Untracked 
| 156|0x000000074ac00000, 0x000000074ac00000, 0x000000074ad00000|  0%| F|  |TAMS 0x000000074ac00000, 0x000000074ac00000| Untracked 
| 157|0x000000074ad00000, 0x000000074ad00000, 0x000000074ae00000|  0%| F|  |TAMS 0x000000074ad00000, 0x000000074ad00000| Untracked 
| 158|0x000000074ae00000, 0x000000074ae00000, 0x000000074af00000|  0%| F|  |TAMS 0x000000074ae00000, 0x000000074ae00000| Untracked 
| 159|0x000000074af00000, 0x000000074af00000, 0x000000074b000000|  0%| F|  |TAMS 0x000000074af00000, 0x000000074af00000| Untracked 
| 160|0x000000074b000000, 0x000000074b000000, 0x000000074b100000|  0%| F|  |TAMS 0x000000074b000000, 0x000000074b000000| Untracked 
| 161|0x000000074b100000, 0x000000074b100000, 0x000000074b200000|  0%| F|  |TAMS 0x000000074b100000, 0x000000074b100000| Untracked 
| 162|0x000000074b200000, 0x000000074b200000, 0x000000074b300000|  0%| F|  |TAMS 0x000000074b200000, 0x000000074b200000| Untracked 
| 163|0x000000074b300000, 0x000000074b300000, 0x000000074b400000|  0%| F|  |TAMS 0x000000074b300000, 0x000000074b300000| Untracked 
| 164|0x000000074b400000, 0x000000074b400000, 0x000000074b500000|  0%| F|  |TAMS 0x000000074b400000, 0x000000074b400000| Untracked 
| 165|0x000000074b500000, 0x000000074b500000, 0x000000074b600000|  0%| F|  |TAMS 0x000000074b500000, 0x000000074b500000| Untracked 
| 166|0x000000074b600000, 0x000000074b600000, 0x000000074b700000|  0%| F|  |TAMS 0x000000074b600000, 0x000000074b600000| Untracked 
| 167|0x000000074b700000, 0x000000074b700000, 0x000000074b800000|  0%| F|  |TAMS 0x000000074b700000, 0x000000074b700000| Untracked 
| 168|0x000000074b800000, 0x000000074b800000, 0x000000074b900000|  0%| F|  |TAMS 0x000000074b800000, 0x000000074b800000| Untracked 
| 169|0x000000074b900000, 0x000000074b980800, 0x000000074ba00000| 50%| E|  |TAMS 0x000000074b900000, 0x000000074b900000| Complete 
| 170|0x000000074ba00000, 0x000000074bb00000, 0x000000074bb00000|100%| E|CS|TAMS 0x000000074ba00000, 0x000000074ba00000| Complete 
| 171|0x000000074bb00000, 0x000000074bc00000, 0x000000074bc00000|100%| E|CS|TAMS 0x000000074bb00000, 0x000000074bb00000| Complete 
| 172|0x000000074bc00000, 0x000000074bd00000, 0x000000074bd00000|100%| E|CS|TAMS 0x000000074bc00000, 0x000000074bc00000| Complete 
| 173|0x000000074bd00000, 0x000000074be00000, 0x000000074be00000|100%| E|CS|TAMS 0x000000074bd00000, 0x000000074bd00000| Complete 
| 174|0x000000074be00000, 0x000000074bf00000, 0x000000074bf00000|100%| E|CS|TAMS 0x000000074be00000, 0x000000074be00000| Complete 
| 175|0x000000074bf00000, 0x000000074c000000, 0x000000074c000000|100%| E|CS|TAMS 0x000000074bf00000, 0x000000074bf00000| Complete 
| 176|0x000000074c000000, 0x000000074c100000, 0x000000074c100000|100%| E|CS|TAMS 0x000000074c000000, 0x000000074c000000| Complete 
| 177|0x000000074c100000, 0x000000074c200000, 0x000000074c200000|100%| E|CS|TAMS 0x000000074c100000, 0x000000074c100000| Complete 
| 178|0x000000074c200000, 0x000000074c300000, 0x000000074c300000|100%| E|CS|TAMS 0x000000074c200000, 0x000000074c200000| Complete 
| 179|0x000000074c300000, 0x000000074c400000, 0x000000074c400000|100%| E|CS|TAMS 0x000000074c300000, 0x000000074c300000| Complete 
| 180|0x000000074c400000, 0x000000074c500000, 0x000000074c500000|100%| E|CS|TAMS 0x000000074c400000, 0x000000074c400000| Complete 
| 181|0x000000074c500000, 0x000000074c600000, 0x000000074c600000|100%| E|CS|TAMS 0x000000074c500000, 0x000000074c500000| Complete 
| 182|0x000000074c600000, 0x000000074c700000, 0x000000074c700000|100%| E|CS|TAMS 0x000000074c600000, 0x000000074c600000| Complete 
| 183|0x000000074c700000, 0x000000074c800000, 0x000000074c800000|100%| E|CS|TAMS 0x000000074c700000, 0x000000074c700000| Complete 
| 184|0x000000074c800000, 0x000000074c900000, 0x000000074c900000|100%| E|CS|TAMS 0x000000074c800000, 0x000000074c800000| Complete 
| 185|0x000000074c900000, 0x000000074ca00000, 0x000000074ca00000|100%| E|CS|TAMS 0x000000074c900000, 0x000000074c900000| Complete 
| 186|0x000000074ca00000, 0x000000074cb00000, 0x000000074cb00000|100%| E|CS|TAMS 0x000000074ca00000, 0x000000074ca00000| Complete 
| 187|0x000000074cb00000, 0x000000074cc00000, 0x000000074cc00000|100%| E|CS|TAMS 0x000000074cb00000, 0x000000074cb00000| Complete 
| 188|0x000000074cc00000, 0x000000074cd00000, 0x000000074cd00000|100%| E|CS|TAMS 0x000000074cc00000, 0x000000074cc00000| Complete 
| 189|0x000000074cd00000, 0x000000074ce00000, 0x000000074ce00000|100%| E|CS|TAMS 0x000000074cd00000, 0x000000074cd00000| Complete 
| 190|0x000000074ce00000, 0x000000074cf00000, 0x000000074cf00000|100%| E|CS|TAMS 0x000000074ce00000, 0x000000074ce00000| Complete 
| 191|0x000000074cf00000, 0x000000074d000000, 0x000000074d000000|100%| E|CS|TAMS 0x000000074cf00000, 0x000000074cf00000| Complete 

Card table byte_map: [0x0000020ad91d0000,0x0000020ad97d0000] _byte_map_base: 0x0000020ad57c8000

Marking Bits (Prev, Next): (CMBitMap*) 0x0000020ac12ddda8, (CMBitMap*) 0x0000020ac12ddde8
 Prev Bits: [0x0000020ad9dd0000, 0x0000020adcd90000)
 Next Bits: [0x0000020adcd90000, 0x0000020adfd50000)

Polling page: 0x0000020abf2a0000

Metaspace:

Usage:
  Non-class:     17.38 MB capacity,    16.95 MB ( 98%) used,   358.13 KB (  2%) free+waste,    75.44 KB ( <1%) overhead. 
      Class:      2.64 MB capacity,     2.38 MB ( 90%) used,   230.45 KB (  9%) free+waste,    37.50 KB (  1%) overhead. 
       Both:     20.01 MB capacity,    19.33 MB ( 97%) used,   588.59 KB (  3%) free+waste,   112.94 KB ( <1%) overhead. 

Virtual space:
  Non-class space:       18.00 MB reserved,      17.50 MB ( 97%) committed 
      Class space:        1.00 GB reserved,       2.75 MB ( <1%) committed 
             Both:        1.02 GB reserved,      20.25 MB (  2%) committed 

Chunk freelists:
   Non-Class:  0 bytes
       Class:  0 bytes
        Both:  0 bytes

MaxMetaspaceSize: 17179869184.00 GB
CompressedClassSpaceSize: 1.00 GB

CodeHeap 'non-profiled nmethods': size=120000Kb used=1154Kb max_used=1154Kb free=118845Kb
 bounds [0x0000020ad1260000, 0x0000020ad14d0000, 0x0000020ad8790000]
CodeHeap 'profiled nmethods': size=120000Kb used=5545Kb max_used=5545Kb free=114454Kb
 bounds [0x0000020ac9d30000, 0x0000020aca2a0000, 0x0000020ad1260000]
CodeHeap 'non-nmethods': size=5760Kb used=1214Kb max_used=1252Kb free=4545Kb
 bounds [0x0000020ac9790000, 0x0000020ac9a00000, 0x0000020ac9d30000]
 total_blobs=3984 nmethods=2605 adapters=379
 compilation: enabled
              stopped_count=0, restarted_count=0
 full_count=0

Compilation events (20 events):
Event: 2.169 Thread 0x0000020ae30c4000 2530       1       java.lang.reflect.Field::getDeclaringClass (5 bytes)
Event: 2.169 Thread 0x0000020ae30c4000 nmethod 2530 0x0000020ad137a690 code [0x0000020ad137a820, 0x0000020ad137a958]
Event: 2.169 Thread 0x0000020ae30c4000 2526       3       java.lang.reflect.Executable::getAnnotation (23 bytes)
Event: 2.170 Thread 0x0000020ae30c4000 nmethod 2526 0x0000020aca25a310 code [0x0000020aca25a540, 0x0000020aca25ac90]
Event: 2.170 Thread 0x0000020ae30c4000 2529       3       java.lang.reflect.AnnotatedElement::isAnnotationPresent (16 bytes)
Event: 2.170 Thread 0x0000020ae30c4000 nmethod 2529 0x0000020aca25ae90 code [0x0000020aca25b040, 0x0000020aca25b2f0]
Event: 2.170 Thread 0x0000020ae30c4000 2527       3       java.lang.invoke.Invokers$Holder::linkToTargetMethod (11 bytes)
Event: 2.170 Thread 0x0000020ae30c4000 nmethod 2527 0x0000020aca25b390 code [0x0000020aca25b560, 0x0000020aca25b8a0]
Event: 2.170 Thread 0x0000020ae30bf800 nmethod 2512 0x0000020ad137aa10 code [0x0000020ad137ac00, 0x0000020ad137b660]
Event: 2.170 Thread 0x0000020ae30bf800 2514       4       java.util.concurrent.CopyOnWriteArrayList$COWIterator::next (32 bytes)
Event: 2.171 Thread 0x0000020ae30c4000 2531       3       org.springframework.core.BridgeMethodResolver::isVisibilityBridgeMethodPair (52 bytes)
Event: 2.171 Thread 0x0000020ae30bf800 nmethod 2514 0x0000020ad137bb90 code [0x0000020ad137bd20, 0x0000020ad137bdf8]
Event: 2.171 Thread 0x0000020ae30bf800 2506       4       java.lang.Object::equals (11 bytes)
Event: 2.172 Thread 0x0000020ae30bf800 nmethod 2506 0x0000020ad137bf10 code [0x0000020ad137c0a0, 0x0000020ad137c118]
Event: 2.172 Thread 0x0000020ae30c4000 nmethod 2531 0x0000020aca25b990 code [0x0000020aca25bbc0, 0x0000020aca25c530]
Event: 2.172 Thread 0x0000020ae30c4000 2532       1       org.springframework.beans.factory.support.AbstractBeanFactory::getBeanPostProcessors (5 bytes)
Event: 2.173 Thread 0x0000020ae30c4000 nmethod 2532 0x0000020ad137c210 code [0x0000020ad137c3a0, 0x0000020ad137c4d8]
Event: 2.173 Thread 0x0000020ae30bf800 2533       4       org.springframework.core.SimpleAliasRegistry::isAlias (11 bytes)
Event: 2.173 Thread 0x0000020ae30c4000 2534       3       java.util.Arrays::equals (57 bytes)
Event: 2.174 Thread 0x0000020ae30c4000 nmethod 2534 0x0000020aca25c810 code [0x0000020aca25ca00, 0x0000020aca25cfd0]

GC Heap History (6 events):
Event: 0.656 GC heap before
{Heap before GC invocations=0 (full 0):
 garbage-first heap   total 196608K, used 23552K [0x0000000741000000, 0x0000000800000000)
  region size 1024K, 24 young (24576K), 0 survivors (0K)
 Metaspace       used 6335K, capacity 7957K, committed 8192K, reserved 1056768K
  class space    used 731K, capacity 917K, committed 1024K, reserved 1048576K
}
Event: 0.662 GC heap after
{Heap after GC invocations=1 (full 0):
 garbage-first heap   total 196608K, used 5206K [0x0000000741000000, 0x0000000800000000)
  region size 1024K, 3 young (3072K), 3 survivors (3072K)
 Metaspace       used 6335K, capacity 7957K, committed 8192K, reserved 1056768K
  class space    used 731K, capacity 917K, committed 1024K, reserved 1048576K
}
Event: 0.989 GC heap before
{Heap before GC invocations=1 (full 0):
 garbage-first heap   total 196608K, used 35926K [0x0000000741000000, 0x0000000800000000)
  region size 1024K, 33 young (33792K), 3 survivors (3072K)
 Metaspace       used 12783K, capacity 13705K, committed 13824K, reserved 1060864K
  class space    used 1567K, capacity 1733K, committed 1792K, reserved 1048576K
}
Event: 0.994 GC heap after
{Heap after GC invocations=2 (full 0):
 garbage-first heap   total 196608K, used 6410K [0x0000000741000000, 0x0000000800000000)
  region size 1024K, 2 young (2048K), 2 survivors (2048K)
 Metaspace       used 12783K, capacity 13705K, committed 13824K, reserved 1060864K
  class space    used 1567K, capacity 1733K, committed 1792K, reserved 1048576K
}
Event: 1.517 GC heap before
{Heap before GC invocations=2 (full 0):
 garbage-first heap   total 196608K, used 52490K [0x0000000741000000, 0x0000000800000000)
  region size 1024K, 47 young (48128K), 2 survivors (2048K)
 Metaspace       used 15601K, capacity 16185K, committed 16512K, reserved 1062912K
  class space    used 1890K, capacity 2084K, committed 2176K, reserved 1048576K
}
Event: 1.521 GC heap after
{Heap after GC invocations=3 (full 0):
 garbage-first heap   total 196608K, used 8154K [0x0000000741000000, 0x0000000800000000)
  region size 1024K, 3 young (3072K), 3 survivors (3072K)
 Metaspace       used 15601K, capacity 16185K, committed 16512K, reserved 1062912K
  class space    used 1890K, capacity 2084K, committed 2176K, reserved 1048576K
}

Deoptimization events (20 events):
Event: 2.124 Thread 0x0000020ac1284800 DEOPT PACKING pc=0x0000020ad130b684 sp=0x000000aa2b7fc880
Event: 2.124 Thread 0x0000020ac1284800 DEOPT UNPACKING pc=0x0000020ac97d912f sp=0x000000aa2b7fc7e8 mode 2
Event: 2.125 Thread 0x0000020ac1284800 Uncommon trap: trap_request=0xffffff45 fr.pc=0x0000020ad13036bc relative=0x000000000000079c
Event: 2.125 Thread 0x0000020ac1284800 Uncommon trap: reason=unstable_if action=reinterpret pc=0x0000020ad13036bc method=java.util.Properties$LineReader.readLine()I @ 117 c2
Event: 2.125 Thread 0x0000020ac1284800 DEOPT PACKING pc=0x0000020ad13036bc sp=0x000000aa2b7fc850
Event: 2.125 Thread 0x0000020ac1284800 DEOPT UNPACKING pc=0x0000020ac97d912f sp=0x000000aa2b7fc7e8 mode 2
Event: 2.125 Thread 0x0000020ac1284800 Uncommon trap: trap_request=0xffffff45 fr.pc=0x0000020ad13387d4 relative=0x00000000000000b4
Event: 2.125 Thread 0x0000020ac1284800 Uncommon trap: reason=unstable_if action=reinterpret pc=0x0000020ad13387d4 method=java.nio.Buffer.position(I)Ljava/nio/Buffer; @ 45 c2
Event: 2.125 Thread 0x0000020ac1284800 DEOPT PACKING pc=0x0000020ad13387d4 sp=0x000000aa2b7fc480
Event: 2.125 Thread 0x0000020ac1284800 DEOPT UNPACKING pc=0x0000020ac97d912f sp=0x000000aa2b7fc3c0 mode 2
Event: 2.126 Thread 0x0000020ac1284800 Uncommon trap: trap_request=0xffffff45 fr.pc=0x0000020ad12d9650 relative=0x00000000000000b0
Event: 2.126 Thread 0x0000020ac1284800 Uncommon trap: reason=unstable_if action=reinterpret pc=0x0000020ad12d9650 method=java.nio.Buffer.position(I)Ljava/nio/Buffer; @ 45 c2
Event: 2.126 Thread 0x0000020ac1284800 DEOPT PACKING pc=0x0000020ad12d9650 sp=0x000000aa2b7fc430
Event: 2.126 Thread 0x0000020ac1284800 DEOPT UNPACKING pc=0x0000020ac97d912f sp=0x000000aa2b7fc3c8 mode 2
Event: 2.127 Thread 0x0000020ac1284800 DEOPT PACKING pc=0x0000020aca070ff4 sp=0x000000aa2b7fc8e0
Event: 2.127 Thread 0x0000020ac1284800 DEOPT UNPACKING pc=0x0000020ac97d964e sp=0x000000aa2b7fbdd8 mode 0
Event: 2.171 Thread 0x0000020ac1284800 Uncommon trap: trap_request=0xffffff45 fr.pc=0x0000020ad13411bc relative=0x000000000000011c
Event: 2.171 Thread 0x0000020ac1284800 Uncommon trap: reason=unstable_if action=reinterpret pc=0x0000020ad13411bc method=java.util.Arrays.equals([Ljava/lang/Object;[Ljava/lang/Object;)Z @ 44 c2
Event: 2.171 Thread 0x0000020ac1284800 DEOPT PACKING pc=0x0000020ad13411bc sp=0x000000aa2b7fd820
Event: 2.171 Thread 0x0000020ac1284800 DEOPT UNPACKING pc=0x0000020ac97d912f sp=0x000000aa2b7fd7c0 mode 2

Classes unloaded (0 events):
No events

Classes redefined (0 events):
No events

Internal exceptions (20 events):
Event: 0.932 Thread 0x0000020ac1284800 Implicit null exception at 0x0000020ad12a2b65 to 0x0000020ad12a2d7e
Event: 1.049 Thread 0x0000020ac1284800 Exception <a 'java/lang/ClassNotFoundException'{0x000000074cc60ad8}: java/lang/ObjectCustomizer> (0x000000074cc60ad8) 
thrown [t:/workspace/open/src/hotspot/share/classfile/systemDictionary.cpp, line 232]
Event: 1.052 Thread 0x0000020ac1284800 Exception <a 'java/lang/IncompatibleClassChangeError'{0x000000074cc659d0}: Found class java.lang.Object, but interface was expected> (0x000000074cc659d0) 
thrown [t:/workspace/open/src/hotspot/share/interpreter/linkResolver.cpp, line 833]
Event: 1.061 Thread 0x0000020ac1284800 Exception <a 'java/lang/ClassNotFoundException'{0x000000074cc94348}: org/springframework/context/annotation/ConfigurationClassPostProcessorCustomizer> (0x000000074cc94348) 
thrown [t:/workspace/open/src/hotspot/share/classfile/systemDictionary.cpp, line 232]
Event: 1.071 Thread 0x0000020ac1284800 Exception <a 'java/lang/ClassNotFoundException'{0x000000074ccf2450}: org/springframework/beans/factory/support/BeanDefinitionRegistryPostProcessorCustomizer> (0x000000074ccf2450) 
thrown [t:/workspace/open/src/hotspot/share/classfile/systemDictionary.cpp, line 232]
Event: 1.071 Thread 0x0000020ac1284800 Exception <a 'java/lang/ClassNotFoundException'{0x000000074ccfc8a0}: org/springframework/beans/factory/config/BeanFactoryPostProcessorCustomizer> (0x000000074ccfc8a0) 
thrown [t:/workspace/open/src/hotspot/share/classfile/systemDictionary.cpp, line 232]
Event: 1.072 Thread 0x0000020ac1284800 Exception <a 'java/lang/ClassNotFoundException'{0x000000074cb05960}: org/springframework/core/PriorityOrderedCustomizer> (0x000000074cb05960) 
thrown [t:/workspace/open/src/hotspot/share/classfile/systemDictionary.cpp, line 232]
Event: 1.072 Thread 0x0000020ac1284800 Exception <a 'java/lang/ClassNotFoundException'{0x000000074cb0cb28}: org/springframework/core/OrderedCustomizer> (0x000000074cb0cb28) 
thrown [t:/workspace/open/src/hotspot/share/classfile/systemDictionary.cpp, line 232]
Event: 1.073 Thread 0x0000020ac1284800 Exception <a 'java/lang/ClassNotFoundException'{0x000000074cb15908}: org/springframework/context/ResourceLoaderAwareCustomizer> (0x000000074cb15908) 
thrown [t:/workspace/open/src/hotspot/share/classfile/systemDictionary.cpp, line 232]
Event: 1.073 Thread 0x0000020ac1284800 Exception <a 'java/lang/ClassNotFoundException'{0x000000074cb1e170}: org/springframework/beans/factory/AwareCustomizer> (0x000000074cb1e170) 
thrown [t:/workspace/open/src/hotspot/share/classfile/systemDictionary.cpp, line 232]
Event: 1.073 Thread 0x0000020ac1284800 Exception <a 'java/lang/ClassNotFoundException'{0x000000074cb267b8}: org/springframework/beans/factory/BeanClassLoaderAwareCustomizer> (0x000000074cb267b8) 
thrown [t:/workspace/open/src/hotspot/share/classfile/systemDictionary.cpp, line 232]
Event: 1.074 Thread 0x0000020ac1284800 Exception <a 'java/lang/ClassNotFoundException'{0x000000074cb2f038}: org/springframework/beans/factory/AwareCustomizer> (0x000000074cb2f038) 
thrown [t:/workspace/open/src/hotspot/share/classfile/systemDictionary.cpp, line 232]
Event: 1.074 Thread 0x0000020ac1284800 Exception <a 'java/lang/ClassNotFoundException'{0x000000074cb36d60}: org/springframework/context/EnvironmentAwareCustomizer> (0x000000074cb36d60) 
thrown [t:/workspace/open/src/hotspot/share/classfile/systemDictionary.cpp, line 232]
Event: 1.075 Thread 0x0000020ac1284800 Exception <a 'java/lang/ClassNotFoundException'{0x000000074cb3f530}: org/springframework/beans/factory/AwareCustomizer> (0x000000074cb3f530) 
thrown [t:/workspace/open/src/hotspot/share/classfile/systemDictionary.cpp, line 232]
Event: 1.166 Thread 0x0000020ac1284800 Exception <a 'java/lang/NoSuchMethodError'{0x000000074c8bcfe8}: 'int java.lang.invoke.DirectMethodHandle$Holder.invokeSpecialIFC(java.lang.Object, java.lang.Object, java.lang.Object, java.lang.Object)'> (0x000000074c8bcfe8) 
thrown [t:/workspace/open/src/hotspot/share/interpreter/linkResolver.cpp, line 767]
Event: 1.237 Thread 0x0000020ac1284800 Exception <a 'java/lang/IncompatibleClassChangeError'{0x000000074c3b59b0}: Found class java.lang.Object, but interface was expected> (0x000000074c3b59b0) 
thrown [t:/workspace/open/src/hotspot/share/interpreter/linkResolver.cpp, line 833]
Event: 1.267 Thread 0x0000020ac1284800 Exception <a 'java/lang/NoSuchMethodError'{0x000000074c2d48b8}: 'void java.lang.invoke.DirectMethodHandle$Holder.invokeStatic(java.lang.Object, java.lang.Object, java.lang.Object, java.lang.Object, java.lang.Object)'> (0x000000074c2d48b8) 
thrown [t:/workspace/open/src/hotspot/share/interpreter/linkResolver.cpp, line 767]
Event: 1.278 Thread 0x0000020ac1284800 Exception <a 'java/lang/NoSuchMethodError'{0x000000074c184040}: 'void java.lang.invoke.DirectMethodHandle$Holder.invokeStatic(java.lang.Object, java.lang.Object, java.lang.Object, java.lang.Object)'> (0x000000074c184040) 
thrown [t:/workspace/open/src/hotspot/share/interpreter/linkResolver.cpp, line 767]
Event: 1.279 Thread 0x0000020ac1284800 Exception <a 'java/lang/NoSuchMethodError'{0x000000074c190880}: 'void java.lang.invoke.DirectMethodHandle$Holder.invokeInterface(java.lang.Object, java.lang.Object, java.lang.Object, java.lang.Object)'> (0x000000074c190880) 
thrown [t:/workspace/open/src/hotspot/share/interpreter/linkResolver.cpp, line 767]
Event: 2.151 Thread 0x0000020ac1284800 Exception <a 'java/lang/NoSuchMethodError'{0x000000074bdcd5f0}: 'int java.lang.invoke.DirectMethodHandle$Holder.invokeSpecial(java.lang.Object, java.lang.Object, java.lang.Object, java.lang.Object, java.lang.Object)'> (0x000000074bdcd5f0) 
thrown [t:/workspace/open/src/hotspot/share/interpreter/linkResolver.cpp, line 767]

Events (20 events):
Event: 2.177 loading class org/springframework/boot/autoconfigure/web/ServerProperties$Tomcat$Accesslog
Event: 2.177 loading class org/springframework/boot/autoconfigure/web/ServerProperties$Tomcat$Accesslog done
Event: 2.177 loading class org/springframework/boot/autoconfigure/web/ServerProperties$Tomcat$Threads
Event: 2.177 loading class org/springframework/boot/autoconfigure/web/ServerProperties$Tomcat$Threads done
Event: 2.177 loading class org/springframework/boot/autoconfigure/web/ServerProperties$Tomcat$Resource
Event: 2.177 loading class org/springframework/boot/autoconfigure/web/ServerProperties$Tomcat$Resource done
Event: 2.178 loading class org/springframework/boot/autoconfigure/web/ServerProperties$Tomcat$Mbeanregistry
Event: 2.178 loading class org/springframework/boot/autoconfigure/web/ServerProperties$Tomcat$Mbeanregistry done
Event: 2.178 loading class org/springframework/boot/autoconfigure/web/ServerProperties$Tomcat$Remoteip
Event: 2.178 loading class org/springframework/boot/autoconfigure/web/ServerProperties$Tomcat$Remoteip done
Event: 2.179 loading class org/springframework/boot/autoconfigure/web/ServerProperties$Jetty$Accesslog
Event: 2.179 loading class org/springframework/boot/autoconfigure/web/ServerProperties$Jetty$Accesslog done
Event: 2.179 loading class org/springframework/boot/autoconfigure/web/ServerProperties$Jetty$Accesslog$FORMAT
Event: 2.179 loading class org/springframework/boot/autoconfigure/web/ServerProperties$Jetty$Accesslog$FORMAT done
Event: 2.179 loading class org/springframework/boot/autoconfigure/web/ServerProperties$Jetty$Threads
Event: 2.179 loading class org/springframework/boot/autoconfigure/web/ServerProperties$Jetty$Threads done
Event: 2.180 loading class org/springframework/boot/autoconfigure/web/ServerProperties$Undertow$Accesslog
Event: 2.180 loading class org/springframework/boot/autoconfigure/web/ServerProperties$Undertow$Accesslog done
Event: 2.180 loading class org/springframework/boot/autoconfigure/web/ServerProperties$Undertow$Threads
Event: 2.180 loading class org/springframework/boot/autoconfigure/web/ServerProperties$Undertow$Threads done


Dynamic libraries:
0x00007ff6161b0000 - 0x00007ff6161bf000 	C:\Program Files\Java\jdk-13.0.2\bin\java.exe
0x00007ff8509d0000 - 0x00007ff850bc4000 	C:\WINDOWS\SYSTEM32\ntdll.dll
0x00007ff84ecf0000 - 0x00007ff84edad000 	C:\WINDOWS\System32\KERNEL32.DLL
0x00007ff84e770000 - 0x00007ff84ea37000 	C:\WINDOWS\System32\KERNELBASE.dll
0x00007ff84e3a0000 - 0x00007ff84e4a0000 	C:\WINDOWS\System32\ucrtbase.dll
0x00007ff8333e0000 - 0x00007ff8333f5000 	C:\Program Files\Java\jdk-13.0.2\bin\VCRUNTIME140.dll
0x00007ff835b90000 - 0x00007ff835ba8000 	C:\Program Files\Java\jdk-13.0.2\bin\jli.dll
0x00007ff84f330000 - 0x00007ff84f3da000 	C:\WINDOWS\System32\ADVAPI32.dll
0x00007ff84ebf0000 - 0x00007ff84ec8e000 	C:\WINDOWS\System32\msvcrt.dll
0x00007ff84f5c0000 - 0x00007ff84f65b000 	C:\WINDOWS\System32\sechost.dll
0x00007ff84fad0000 - 0x00007ff84fbf3000 	C:\WINDOWS\System32\RPCRT4.dll
0x00007ff84fee0000 - 0x00007ff850080000 	C:\WINDOWS\System32\USER32.dll
0x00007ff84e2c0000 - 0x00007ff84e2e2000 	C:\WINDOWS\System32\win32u.dll
0x00007ff84edb0000 - 0x00007ff84edda000 	C:\WINDOWS\System32\GDI32.dll
0x00007ff84cee0000 - 0x00007ff84d17a000 	C:\WINDOWS\WinSxS\amd64_microsoft.windows.common-controls_6595b64144ccf1df_6.0.19041.1_none_b555e41d4684ddec\COMCTL32.dll
0x00007ff84e4a0000 - 0x00007ff84e5aa000 	C:\WINDOWS\System32\gdi32full.dll
0x00007ff84e120000 - 0x00007ff84e1bd000 	C:\WINDOWS\System32\msvcp_win.dll
0x00007ff83fdb0000 - 0x00007ff83fdba000 	C:\WINDOWS\SYSTEM32\VERSION.dll
0x00007ff84fc20000 - 0x00007ff84fc50000 	C:\WINDOWS\System32\IMM32.DLL
0x00007ff831900000 - 0x00007ff83199b000 	C:\Program Files\Java\jdk-13.0.2\bin\msvcp140.dll
0x00007ff815190000 - 0x00007ff815ced000 	C:\Program Files\Java\jdk-13.0.2\bin\server\jvm.dll
0x00007ff84f320000 - 0x00007ff84f328000 	C:\WINDOWS\System32\PSAPI.DLL
0x00007ff846f60000 - 0x00007ff846f69000 	C:\WINDOWS\SYSTEM32\WSOCK32.dll
0x00007ff842350000 - 0x00007ff842377000 	C:\WINDOWS\SYSTEM32\WINMM.dll
0x00007ff84eed0000 - 0x00007ff84ef3b000 	C:\WINDOWS\System32\WS2_32.dll
0x00007ff84bc40000 - 0x00007ff84bc53000 	C:\WINDOWS\SYSTEM32\kernel.appcore.dll
0x00007ff83a620000 - 0x00007ff83a630000 	C:\Program Files\Java\jdk-13.0.2\bin\verify.dll
0x00007ff84db20000 - 0x00007ff84dd04000 	C:\WINDOWS\SYSTEM32\DBGHELP.DLL
0x00007ff84d6f0000 - 0x00007ff84d71c000 	C:\WINDOWS\SYSTEM32\dbgcore.DLL
0x00007ff84e240000 - 0x00007ff84e2bf000 	C:\WINDOWS\System32\bcryptPrimitives.dll
0x00007ff833210000 - 0x00007ff833236000 	C:\Program Files\Java\jdk-13.0.2\bin\java.dll
0x00007ff839a30000 - 0x00007ff839a3e000 	C:\Program Files\Java\jdk-13.0.2\bin\instrument.dll
0x00007ff8331f0000 - 0x00007ff833207000 	C:\Program Files\Java\jdk-13.0.2\bin\zip.dll
0x00007ff836b80000 - 0x00007ff836b8a000 	C:\Program Files\Java\jdk-13.0.2\bin\jimage.dll
0x00007ff850250000 - 0x00007ff850984000 	C:\WINDOWS\System32\SHELL32.dll
0x00007ff84bc60000 - 0x00007ff84c3ee000 	C:\WINDOWS\SYSTEM32\windows.storage.dll
0x00007ff84efc0000 - 0x00007ff84f313000 	C:\WINDOWS\System32\combase.dll
0x00007ff84d7a0000 - 0x00007ff84d7cb000 	C:\WINDOWS\SYSTEM32\Wldp.dll
0x00007ff84f3e0000 - 0x00007ff84f48e000 	C:\WINDOWS\System32\SHCORE.dll
0x00007ff84fd20000 - 0x00007ff84fd75000 	C:\WINDOWS\System32\shlwapi.dll
0x00007ff84e060000 - 0x00007ff84e07f000 	C:\WINDOWS\SYSTEM32\profapi.dll
0x00007ff8331d0000 - 0x00007ff8331e9000 	C:\Program Files\Java\jdk-13.0.2\bin\net.dll
0x00007ff840b80000 - 0x00007ff840c80000 	C:\WINDOWS\SYSTEM32\WINHTTP.dll
0x00007ff84d490000 - 0x00007ff84d4fa000 	C:\WINDOWS\system32\mswsock.dll
0x00007ff8330f0000 - 0x00007ff833103000 	C:\Program Files\Java\jdk-13.0.2\bin\nio.dll
0x00007ff835920000 - 0x00007ff83593a000 	C:\Program Files\JetBrains\IntelliJ IDEA Community Edition 2020.1.2\bin\breakgen64.dll
0x00007ff835d70000 - 0x00007ff835d79000 	C:\Program Files\Java\jdk-13.0.2\bin\management.dll
0x00007ff835b80000 - 0x00007ff835b8b000 	C:\Program Files\Java\jdk-13.0.2\bin\management_ext.dll
0x00007ff83b830000 - 0x00007ff83b847000 	C:\WINDOWS\system32\napinsp.dll
0x00007ff83b730000 - 0x00007ff83b74b000 	C:\WINDOWS\system32\pnrpnsp.dll
0x00007ff83b710000 - 0x00007ff83b725000 	C:\WINDOWS\system32\wshbth.dll
0x00007ff8490b0000 - 0x00007ff8490cd000 	C:\WINDOWS\system32\NLAapi.dll
0x00007ff84d180000 - 0x00007ff84d1bb000 	C:\WINDOWS\SYSTEM32\IPHLPAPI.DLL
0x00007ff84d1c0000 - 0x00007ff84d28a000 	C:\WINDOWS\SYSTEM32\DNSAPI.dll
0x00007ff84fc10000 - 0x00007ff84fc19000 	C:\WINDOWS\System32\NSI.dll
0x00007ff83b6f0000 - 0x00007ff83b702000 	C:\WINDOWS\System32\winrnr.dll
0x00007ff840a00000 - 0x00007ff840a0a000 	C:\Windows\System32\rasadhlp.dll
0x00007ff840b00000 - 0x00007ff840b7f000 	C:\WINDOWS\System32\fwpuclnt.dll
0x00007ff84e1c0000 - 0x00007ff84e1e7000 	C:\WINDOWS\System32\bcrypt.dll

dbghelp: loaded successfully - version: 4.0.5 - missing functions: none
symbol engine: initialized successfully - sym options: 0x614 - pdb path: .;C:\Program Files\Java\jdk-13.0.2\bin;C:\WINDOWS\SYSTEM32;C:\WINDOWS\WinSxS\amd64_microsoft.windows.common-controls_6595b64144ccf1df_6.0.19041.1_none_b555e41d4684ddec;C:\Program Files\Java\jdk-13.0.2\bin\server;C:\Program Files\JetBrains\IntelliJ IDEA Community Edition 2020.1.2\bin

VM Arguments:
jvm_args: -javaagent:C:\Program Files\JetBrains\IntelliJ IDEA Community Edition 2020.1.2\lib\idea_rt.jar=54806:C:\Program Files\JetBrains\IntelliJ IDEA Community Edition 2020.1.2\bin -Dfile.encoding=UTF-8 
java_command: ires.baylor.edu.logerrors.LogErrorsApplication
java_class_path (initial): C:\Users\Elizabeth\Documents\Elizabeth\Baylor_Summer_2020\Team_C_GIT\log-errors\target\classes;C:\Users\Elizabeth\.m2\repository\org\json\json\20200518\json-20200518.jar;C:\Users\Elizabeth\.m2\repository\com\google\apis\google-api-services-customsearch\v1-rev57-1.23.0\google-api-services-customsearch-v1-rev57-1.23.0.jar;C:\Users\Elizabeth\.m2\repository\com\google\api-client\google-api-client\1.23.0\google-api-client-1.23.0.jar;C:\Users\Elizabeth\.m2\repository\com\google\oauth-client\google-oauth-client\1.23.0\google-oauth-client-1.23.0.jar;C:\Users\Elizabeth\.m2\repository\com\google\http-client\google-http-client\1.23.0\google-http-client-1.23.0.jar;C:\Users\Elizabeth\.m2\repository\org\apache\httpcomponents\httpclient\4.5.12\httpclient-4.5.12.jar;C:\Users\Elizabeth\.m2\repository\org\apache\httpcomponents\httpcore\4.4.13\httpcore-4.4.13.jar;C:\Users\Elizabeth\.m2\repository\commons-codec\commons-codec\1.14\commons-codec-1.14.jar;C:\Users\Elizabeth\.m2\repository\com\google\code\findbugs\jsr305\1.3.9\jsr305-1.3.9.jar;C:\Users\Elizabeth\.m2\repository\com\google\http-client\google-http-client-jackson2\1.23.0\google-http-client-jackson2-1.23.0.jar;C:\Users\Elizabeth\.m2\repository\com\fasterxml\jackson\core\jackson-core\2.11.0\jackson-core-2.11.0.jar;C:\Users\Elizabeth\.m2\repository\com\google\guava\guava-jdk5\17.0\guava-jdk5-17.0.jar;C:\Users\Elizabeth\.m2\repository\org\mongodb\mongo-java-driver\3.12.5\mongo-java-driver-3.12.5.jar;C:\Users\Elizabeth\.m2\repository\org\springframework\boot\spring-boot-starter\2.3.0.RELEASE\spring-boot-starter-2.3.0.RELEASE.jar;C:\Users\Elizabeth\.m2\repository\org\springframework\boot\spring-boot\2.3.0.RELEASE\spring-boot-2.3.0.RELEASE.jar;C:\Users\Elizabeth\.m2\repository\org\springframework\spring-context\5.2.6.RELEASE\spring-context-5.2.6.RELEASE.jar;C:\Users\Elizabeth\.m2\repository\org\springframework\boot\spring-boot-autoconfigure\2.3.0.RELEASE\spring-boot-autoconfigure-2.3.0.RELEASE.jar;C:\User
Launcher Type: SUN_STANDARD

[Global flags]
     intx CICompilerCount                          = 4                                         {product} {ergonomic}
     uint ConcGCThreads                            = 2                                         {product} {ergonomic}
     uint G1ConcRefinementThreads                  = 8                                         {product} {ergonomic}
   size_t G1HeapRegionSize                         = 1048576                                   {product} {ergonomic}
    uintx GCDrainStackTargetSize                   = 64                                        {product} {ergonomic}
   size_t InitialHeapSize                          = 201326592                                 {product} {ergonomic}
   size_t MarkStackSize                            = 4194304                                   {product} {ergonomic}
   size_t MaxHeapSize                              = 3204448256                                {product} {ergonomic}
   size_t MaxNewSize                               = 1922039808                                {product} {ergonomic}
   size_t MinHeapDeltaBytes                        = 1048576                                   {product} {ergonomic}
   size_t MinHeapSize                              = 8388608                                   {product} {ergonomic}
    uintx NonNMethodCodeHeapSize                   = 5839372                                {pd product} {ergonomic}
    uintx NonProfiledCodeHeapSize                  = 122909434                              {pd product} {ergonomic}
    uintx ProfiledCodeHeapSize                     = 122909434                              {pd product} {ergonomic}
    uintx ReservedCodeCacheSize                    = 251658240                              {pd product} {ergonomic}
     bool SegmentedCodeCache                       = true                                      {product} {ergonomic}
   size_t SoftMaxHeapSize                          = 3204448256                             {manageable} {ergonomic}
     bool UseCompressedClassPointers               = true                                 {lp64_product} {ergonomic}
     bool UseCompressedOops                        = true                                 {lp64_product} {ergonomic}
     bool UseG1GC                                  = true                                      {product} {ergonomic}
     bool UseLargePagesIndividualAllocation        = false                                  {pd product} {ergonomic}

Logging:
Log output configuration:
 #0: stdout all=warning uptime,level,tags
 #1: stderr all=off uptime,level,tags

Environment Variables:
JAVA_HOME=C:\Program Files\Java\jdk-13.0.2
PATH=C:\WINDOWS\system32;C:\WINDOWS;C:\WINDOWS\System32\Wbem;C:\WINDOWS\System32\WindowsPowerShell\v1.0\;C:\WINDOWS\System32\OpenSSH\;C:\Program Files\CMake\bin;C:\Program Files\Git\cmd;C:\Program Files (x86)\Vim;C:\MinGW\bin;C:\Program Files\nodejs\;C:\Program Files\MATLAB\R2019b\bin;C:\Program Files\Docker\Docker\resources\bin;C:\ProgramData\DockerDesktop\version-bin;C:\Go\bin;C:\Users\Elizabeth\AppData\Local\Programs\Python\Python38\Scripts\;C:\Users\Elizabeth\AppData\Local\Programs\Python\Python38\;C:\Users\Elizabeth\AppData\Local\Programs\Python\Python38-32\Scripts\;C:\Users\Elizabeth\AppData\Local\Programs\Python\Python38-32\;C:\Users\Elizabeth\AppData\Local\Microsoft\WindowsApps;C:\Program Files\Java\jdk-13.0.2\bin;C:\Program Files\apache-maven-3.6.2\bin;C:\Program Files\JetBrains\PyCharm Community Edition 2019.2.3\bin;;C:\Users\Elizabeth\AppData\Local\Programs\Microsoft VS Code\bin;C:\Users\Elizabeth\AppData\Roaming\npm;C:\Program Files\nodejs\node_modules\npm\bin;C:\Program Files\gradle-6.1\bin;C:\Program Files (x86)\Common Files\Oracle\Java\javapath;C:\Program Files\MySQL\MySQL Server 8.0\bin;C:\Program Files\JetBrains\IntelliJ IDEA Community Edition 2020.1.2\bin;;C:\Program Files\MongoDB\Server\4.2\bin;C:\Users\Elizabeth\go\bin
USERNAME=Elizabeth
OS=Windows_NT
PROCESSOR_IDENTIFIER=Intel64 Family 6 Model 60 Stepping 3, GenuineIntel



---------------  S Y S T E M  ---------------

OS: Windows 10 , 64 bit Build 19041 (10.0.19041.292)

CPU:total 8 (initial active 8) (4 cores per cpu, 2 threads per core) family 6 model 60 stepping 3, cmov, cx8, fxsr, mmx, sse, sse2, sse3, ssse3, sse4.1, sse4.2, popcnt, avx, avx2, aes, clmul, erms, lzcnt, ht, tsc, tscinvbit, bmi1, bmi2, fma

Memory: 4k page, system-wide physical 12218M (2644M free)
TotalPageFile size 13718M (AvailPageFile size 5M)
current process WorkingSet (physical memory assigned to process): 149M, peak: 149M
current process commit charge ("private bytes"): 344M, peak: 345M

vm_info: Java HotSpot(TM) 64-Bit Server VM (13.0.2+8) for windows-amd64 JRE (13.0.2+8), built on Dec 11 2019 09:20:33 by "mach5one" with unknown MS VC++:1916

END.
